<?xml version="1.0" encoding="UTF-8"?>
<coverage generated="1570216686758" clover="3.2.0">
  <project timestamp="1570216686758" name="All files">
    <metrics statements="324" coveredstatements="158" conditionals="158" coveredconditionals="58" methods="95" coveredmethods="56" elements="577" coveredelements="272" complexity="0" loc="324" ncloc="324" packages="14" files="32" classes="32">
      <package name="caching">
        <metrics statements="0" coveredstatements="0" conditionals="0" coveredconditionals="0" methods="0" coveredmethods="0"/>
        <file name="index.js" path="/Users/tule/workspace/lambchop/caching/index.js">
          <metrics statements="0" coveredstatements="0" conditionals="0" coveredconditionals="0" methods="0" coveredmethods="0"/>
        </file>
      </package>
      <package name="caching.clients">
        <metrics statements="40" coveredstatements="27" conditionals="17" coveredconditionals="8" methods="12" coveredmethods="8"/>
        <file name="AbstractCacheClient.js" path="/Users/tule/workspace/lambchop/caching/clients/AbstractCacheClient.js">
          <metrics statements="11" coveredstatements="10" conditionals="4" coveredconditionals="4" methods="5" coveredmethods="4"/>
          <line num="12" count="8" type="stmt"/>
          <line num="15" count="8" type="stmt"/>
          <line num="16" count="8" type="stmt"/>
          <line num="17" count="32" type="cond" truecount="2" falsecount="0"/>
          <line num="18" count="4" type="stmt"/>
          <line num="21" count="8" type="cond" truecount="2" falsecount="0"/>
          <line num="22" count="1" type="stmt"/>
          <line num="25" count="7" type="stmt"/>
          <line num="33" count="0" type="stmt"/>
          <line num="42" count="2" type="stmt"/>
          <line num="43" count="2" type="stmt"/>
        </file>
        <file name="RedisCacheClient.js" path="/Users/tule/workspace/lambchop/caching/clients/RedisCacheClient.js">
          <metrics statements="29" coveredstatements="17" conditionals="13" coveredconditionals="4" methods="7" coveredmethods="4"/>
          <line num="7" count="2" type="stmt"/>
          <line num="27" count="4" type="stmt"/>
          <line num="28" count="4" type="stmt"/>
          <line num="29" count="4" type="stmt"/>
          <line num="30" count="4" type="stmt"/>
          <line num="31" count="4" type="stmt"/>
          <line num="32" count="4" type="cond" truecount="2" falsecount="0"/>
          <line num="33" count="4" type="stmt"/>
          <line num="40" count="4" type="stmt"/>
          <line num="41" count="4" type="stmt"/>
          <line num="42" count="4" type="stmt"/>
          <line num="47" count="0" type="stmt"/>
          <line num="48" count="0" type="cond" truecount="0" falsecount="2"/>
          <line num="50" count="0" type="stmt"/>
          <line num="52" count="0" type="cond" truecount="0" falsecount="2"/>
          <line num="54" count="0" type="stmt"/>
          <line num="57" count="0" type="stmt"/>
          <line num="60" count="4" type="stmt"/>
          <line num="62" count="0" type="stmt"/>
          <line num="63" count="0" type="stmt"/>
          <line num="65" count="4" type="stmt"/>
          <line num="72" count="0" type="cond" truecount="0" falsecount="2"/>
          <line num="83" count="1" type="stmt"/>
          <line num="84" count="1" type="cond" truecount="2" falsecount="0"/>
          <line num="86" count="1" type="stmt"/>
          <line num="87" count="1" type="stmt"/>
          <line num="99" count="0" type="stmt"/>
          <line num="100" count="0" type="cond" truecount="0" falsecount="3"/>
          <line num="102" count="0" type="stmt"/>
        </file>
      </package>
      <package name="error-notification">
        <metrics statements="0" coveredstatements="0" conditionals="0" coveredconditionals="0" methods="0" coveredmethods="0"/>
        <file name="index.js" path="/Users/tule/workspace/lambchop/error-notification/index.js">
          <metrics statements="0" coveredstatements="0" conditionals="0" coveredconditionals="0" methods="0" coveredmethods="0"/>
        </file>
      </package>
      <package name="error-notification.notifiers">
        <metrics statements="22" coveredstatements="21" conditionals="10" coveredconditionals="10" methods="10" coveredmethods="9"/>
        <file name="AbstractNotifier.js" path="/Users/tule/workspace/lambchop/error-notification/notifiers/AbstractNotifier.js">
          <metrics statements="13" coveredstatements="13" conditionals="10" coveredconditionals="10" methods="6" coveredmethods="6"/>
          <line num="13" count="6" type="stmt"/>
          <line num="16" count="6" type="stmt"/>
          <line num="17" count="6" type="stmt"/>
          <line num="18" count="6" type="cond" truecount="2" falsecount="0"/>
          <line num="19" count="1" type="stmt"/>
          <line num="22" count="6" type="cond" truecount="2" falsecount="0"/>
          <line num="23" count="1" type="stmt"/>
          <line num="26" count="5" type="cond" truecount="2" falsecount="0"/>
          <line num="27" count="3" type="stmt"/>
          <line num="28" count="7" type="stmt"/>
          <line num="38" count="11" type="cond" truecount="2" falsecount="0"/>
          <line num="39" count="5" type="cond" truecount="2" falsecount="0"/>
          <line num="40" count="2" type="stmt"/>
        </file>
        <file name="RollbarNotifier.js" path="/Users/tule/workspace/lambchop/error-notification/notifiers/RollbarNotifier.js">
          <metrics statements="9" coveredstatements="8" conditionals="0" coveredconditionals="0" methods="4" coveredmethods="3"/>
          <line num="5" count="2" type="stmt"/>
          <line num="19" count="3" type="stmt"/>
          <line num="20" count="3" type="stmt"/>
          <line num="21" count="2" type="stmt"/>
          <line num="25" count="2" type="stmt"/>
          <line num="33" count="3" type="stmt"/>
          <line num="54" count="1" type="stmt"/>
          <line num="55" count="1" type="stmt"/>
          <line num="56" count="0" type="stmt"/>
        </file>
      </package>
      <package name="middlewares">
        <metrics statements="4" coveredstatements="0" conditionals="0" coveredconditionals="0" methods="0" coveredmethods="0"/>
        <file name="index.js" path="/Users/tule/workspace/lambchop/middlewares/index.js">
          <metrics statements="4" coveredstatements="0" conditionals="0" coveredconditionals="0" methods="0" coveredmethods="0"/>
          <line num="3" count="0" type="stmt"/>
          <line num="4" count="0" type="stmt"/>
          <line num="5" count="0" type="stmt"/>
          <line num="6" count="0" type="stmt"/>
        </file>
      </package>
      <package name="middlewares.default">
        <metrics statements="45" coveredstatements="43" conditionals="15" coveredconditionals="10" methods="12" coveredmethods="12"/>
        <file name="caching.js" path="/Users/tule/workspace/lambchop/middlewares/default/caching.js">
          <metrics statements="23" coveredstatements="21" conditionals="9" coveredconditionals="6" methods="4" coveredmethods="4"/>
          <line num="8" count="2" type="stmt"/>
          <line num="9" count="2" type="stmt"/>
          <line num="10" count="2" type="stmt"/>
          <line num="13" count="2" type="cond" truecount="2" falsecount="0"/>
          <line num="14" count="1" type="stmt"/>
          <line num="15" count="1" type="stmt"/>
          <line num="16" count="1" type="cond" truecount="1" falsecount="1"/>
          <line num="17" count="1" type="stmt"/>
          <line num="18" count="1" type="stmt"/>
          <line num="20" count="0" type="stmt"/>
          <line num="23" count="1" type="stmt"/>
          <line num="26" count="2" type="stmt"/>
          <line num="27" count="2" type="stmt"/>
          <line num="28" count="2" type="stmt"/>
          <line num="37" count="2" type="stmt"/>
          <line num="38" count="2" type="cond" truecount="0" falsecount="1"/>
          <line num="39" count="2" type="stmt"/>
          <line num="40" count="2" type="cond" truecount="2" falsecount="0"/>
          <line num="41" count="1" type="stmt"/>
          <line num="42" count="1" type="stmt"/>
          <line num="43" count="1" type="cond" truecount="1" falsecount="1"/>
          <line num="44" count="1" type="stmt"/>
          <line num="46" count="0" type="stmt"/>
        </file>
        <file name="error-handler.js" path="/Users/tule/workspace/lambchop/middlewares/default/error-handler.js">
          <metrics statements="11" coveredstatements="11" conditionals="4" coveredconditionals="3" methods="4" coveredmethods="4"/>
          <line num="8" count="1" type="stmt"/>
          <line num="9" count="1" type="stmt"/>
          <line num="10" count="1" type="stmt"/>
          <line num="11" count="1" type="stmt"/>
          <line num="18" count="1" type="stmt"/>
          <line num="19" count="1" type="stmt"/>
          <line num="20" count="1" type="cond" truecount="1" falsecount="1"/>
          <line num="21" count="1" type="stmt"/>
          <line num="22" count="1" type="cond" truecount="2" falsecount="0"/>
          <line num="25" count="1" type="stmt"/>
          <line num="27" count="1" type="stmt"/>
        </file>
        <file name="header-preprocessor.js" path="/Users/tule/workspace/lambchop/middlewares/default/header-preprocessor.js">
          <metrics statements="7" coveredstatements="7" conditionals="2" coveredconditionals="1" methods="2" coveredmethods="2"/>
          <line num="9" count="1" type="stmt"/>
          <line num="10" count="1" type="stmt"/>
          <line num="11" count="1" type="stmt"/>
          <line num="12" count="1" type="cond" truecount="1" falsecount="1"/>
          <line num="13" count="1" type="stmt"/>
          <line num="14" count="1" type="stmt"/>
          <line num="15" count="1" type="stmt"/>
        </file>
        <file name="retrieve-data.js" path="/Users/tule/workspace/lambchop/middlewares/default/retrieve-data.js">
          <metrics statements="4" coveredstatements="4" conditionals="0" coveredconditionals="0" methods="2" coveredmethods="2"/>
          <line num="7" count="1" type="stmt"/>
          <line num="8" count="1" type="stmt"/>
          <line num="9" count="1" type="stmt"/>
          <line num="10" count="1" type="stmt"/>
        </file>
      </package>
      <package name="src">
        <metrics statements="72" coveredstatements="0" conditionals="20" coveredconditionals="0" methods="19" coveredmethods="0"/>
        <file name="lambchop.js" path="/Users/tule/workspace/lambchop/src/lambchop.js">
          <metrics statements="72" coveredstatements="0" conditionals="20" coveredconditionals="0" methods="19" coveredmethods="0"/>
          <line num="1" count="0" type="stmt"/>
          <line num="2" count="0" type="stmt"/>
          <line num="3" count="0" type="stmt"/>
          <line num="4" count="0" type="stmt"/>
          <line num="5" count="0" type="stmt"/>
          <line num="8" count="0" type="stmt"/>
          <line num="19" count="0" type="stmt"/>
          <line num="20" count="0" type="stmt"/>
          <line num="21" count="0" type="cond" truecount="0" falsecount="2"/>
          <line num="22" count="0" type="stmt"/>
          <line num="23" count="0" type="cond" truecount="0" falsecount="2"/>
          <line num="26" count="0" type="stmt"/>
          <line num="27" count="0" type="stmt"/>
          <line num="28" count="0" type="stmt"/>
          <line num="29" count="0" type="stmt"/>
          <line num="31" count="0" type="stmt"/>
          <line num="34" count="0" type="stmt"/>
          <line num="35" count="0" type="stmt"/>
          <line num="37" count="0" type="stmt"/>
          <line num="38" count="0" type="stmt"/>
          <line num="48" count="0" type="stmt"/>
          <line num="49" count="0" type="stmt"/>
          <line num="50" count="0" type="stmt"/>
          <line num="51" count="0" type="stmt"/>
          <line num="52" count="0" type="stmt"/>
          <line num="67" count="0" type="stmt"/>
          <line num="68" count="0" type="stmt"/>
          <line num="69" count="0" type="stmt"/>
          <line num="76" count="0" type="stmt"/>
          <line num="77" count="0" type="stmt"/>
          <line num="79" count="0" type="stmt"/>
          <line num="80" count="0" type="stmt"/>
          <line num="81" count="0" type="stmt"/>
          <line num="82" count="0" type="stmt"/>
          <line num="83" count="0" type="stmt"/>
          <line num="84" count="0" type="stmt"/>
          <line num="88" count="0" type="stmt"/>
          <line num="92" count="0" type="stmt"/>
          <line num="93" count="0" type="cond" truecount="0" falsecount="2"/>
          <line num="94" count="0" type="stmt"/>
          <line num="99" count="0" type="stmt"/>
          <line num="100" count="0" type="cond" truecount="0" falsecount="2"/>
          <line num="104" count="0" type="stmt"/>
          <line num="105" count="0" type="stmt"/>
          <line num="108" count="0" type="stmt"/>
          <line num="109" count="0" type="stmt"/>
          <line num="110" count="0" type="cond" truecount="0" falsecount="2"/>
          <line num="111" count="0" type="stmt"/>
          <line num="112" count="0" type="stmt"/>
          <line num="113" count="0" type="cond" truecount="0" falsecount="2"/>
          <line num="114" count="0" type="stmt"/>
          <line num="116" count="0" type="stmt"/>
          <line num="118" count="0" type="cond" truecount="0" falsecount="2"/>
          <line num="119" count="0" type="stmt"/>
          <line num="121" count="0" type="stmt"/>
          <line num="128" count="0" type="stmt"/>
          <line num="132" count="0" type="stmt"/>
          <line num="133" count="0" type="stmt"/>
          <line num="136" count="0" type="stmt"/>
          <line num="139" count="0" type="stmt"/>
          <line num="140" count="0" type="stmt"/>
          <line num="141" count="0" type="cond" truecount="0" falsecount="4"/>
          <line num="142" count="0" type="stmt"/>
          <line num="147" count="0" type="stmt"/>
          <line num="148" count="0" type="stmt"/>
          <line num="149" count="0" type="stmt"/>
          <line num="150" count="0" type="stmt"/>
          <line num="151" count="0" type="stmt"/>
          <line num="153" count="0" type="stmt"/>
          <line num="154" count="0" type="stmt"/>
          <line num="156" count="0" type="stmt"/>
          <line num="158" count="0" type="stmt"/>
        </file>
      </package>
      <package name="src.helpers">
        <metrics statements="22" coveredstatements="3" conditionals="28" coveredconditionals="0" methods="2" coveredmethods="1"/>
        <file name="getCacheClient.js" path="/Users/tule/workspace/lambchop/src/helpers/getCacheClient.js">
          <metrics statements="3" coveredstatements="3" conditionals="0" coveredconditionals="0" methods="1" coveredmethods="1"/>
          <line num="10" count="1" type="stmt"/>
          <line num="11" count="2" type="stmt"/>
          <line num="12" count="2" type="stmt"/>
        </file>
        <file name="getHtml.js" path="/Users/tule/workspace/lambchop/src/helpers/getHtml.js">
          <metrics statements="19" coveredstatements="0" conditionals="28" coveredconditionals="0" methods="1" coveredmethods="0"/>
          <line num="1" count="0" type="stmt"/>
          <line num="14" count="0" type="stmt"/>
          <line num="16" count="0" type="stmt"/>
          <line num="17" count="0" type="stmt"/>
          <line num="18" count="0" type="cond" truecount="0" falsecount="2"/>
          <line num="19" count="0" type="stmt"/>
          <line num="25" count="0" type="stmt"/>
          <line num="26" count="0" type="stmt"/>
          <line num="33" count="0" type="stmt"/>
          <line num="36" count="0" type="cond" truecount="0" falsecount="2"/>
          <line num="37" count="0" type="stmt"/>
          <line num="40" count="0" type="stmt"/>
          <line num="44" count="0" type="stmt"/>
          <line num="46" count="0" type="stmt"/>
          <line num="49" count="0" type="cond" truecount="0" falsecount="2"/>
          <line num="50" count="0" type="stmt"/>
          <line num="69" count="0" type="stmt"/>
          <line num="71" count="0" type="stmt"/>
          <line num="74" count="0" type="stmt"/>
        </file>
      </package>
      <package name="universal-rendering">
        <metrics statements="20" coveredstatements="14" conditionals="10" coveredconditionals="5" methods="5" coveredmethods="3"/>
        <file name="reactHydrator.js" path="/Users/tule/workspace/lambchop/universal-rendering/reactHydrator.js">
          <metrics statements="13" coveredstatements="7" conditionals="10" coveredconditionals="5" methods="4" coveredmethods="2"/>
          <line num="22" count="1" type="cond" truecount="1" falsecount="0"/>
          <line num="26" count="0" type="cond" truecount="1" falsecount="0"/>
          <line num="27" count="1" type="stmt"/>
          <line num="29" count="1" type="stmt"/>
          <line num="30" count="1" type="stmt"/>
          <line num="35" count="0" type="cond" truecount="0" falsecount="2"/>
          <line num="42" count="1" type="stmt"/>
          <line num="43" count="0" type="cond" truecount="0" falsecount="2"/>
          <line num="44" count="0" type="stmt"/>
          <line num="45" count="0" type="stmt"/>
          <line num="49" count="1" type="cond" truecount="1" falsecount="1"/>
          <line num="51" count="1" type="stmt"/>
          <line num="54" count="0" type="stmt"/>
        </file>
        <file name="reactServerSideRender.js" path="/Users/tule/workspace/lambchop/universal-rendering/reactServerSideRender.js">
          <metrics statements="7" coveredstatements="7" conditionals="0" coveredconditionals="0" methods="1" coveredmethods="1"/>
          <line num="11" count="1" type="stmt"/>
          <line num="68" count="3" type="stmt"/>
          <line num="69" count="3" type="stmt"/>
          <line num="70" count="3" type="stmt"/>
          <line num="71" count="3" type="stmt"/>
          <line num="72" count="3" type="stmt"/>
          <line num="76" count="3" type="stmt"/>
        </file>
      </package>
      <package name="universal-rendering.analytics">
        <metrics statements="5" coveredstatements="4" conditionals="16" coveredconditionals="10" methods="6" coveredmethods="4"/>
        <file name="ga.js" path="/Users/tule/workspace/lambchop/universal-rendering/analytics/ga.js">
          <metrics statements="1" coveredstatements="1" conditionals="6" coveredconditionals="6" methods="1" coveredmethods="1"/>
          <line num="8" count="6" type="cond" truecount="4" falsecount="0"/>
        </file>
        <file name="gtm.js" path="/Users/tule/workspace/lambchop/universal-rendering/analytics/gtm.js">
          <metrics statements="3" coveredstatements="3" conditionals="6" coveredconditionals="4" methods="3" coveredmethods="3"/>
          <line num="7" count="3" type="cond" truecount="1" falsecount="1"/>
          <line num="17" count="3" type="cond" truecount="2" falsecount="0"/>
          <line num="31" count="3" type="cond" truecount="1" falsecount="1"/>
        </file>
        <file name="hotjar.js" path="/Users/tule/workspace/lambchop/universal-rendering/analytics/hotjar.js">
          <metrics statements="1" coveredstatements="0" conditionals="4" coveredconditionals="0" methods="2" coveredmethods="0"/>
          <line num="7" count="0" type="cond" truecount="0" falsecount="4"/>
        </file>
      </package>
      <package name="universal-rendering.analytics.trackingPixel">
        <metrics statements="56" coveredstatements="9" conditionals="21" coveredconditionals="0" methods="10" coveredmethods="0"/>
        <file name="generateTrackingPixelRequestUrl.js" path="/Users/tule/workspace/lambchop/universal-rendering/analytics/trackingPixel/generateTrackingPixelRequestUrl.js">
          <metrics statements="18" coveredstatements="3" conditionals="11" coveredconditionals="0" methods="3" coveredmethods="0"/>
          <line num="5" count="1" type="stmt"/>
          <line num="6" count="1" type="stmt"/>
          <line num="11" count="1" type="cond" truecount="0" falsecount="1"/>
          <line num="12" count="0" type="stmt"/>
          <line num="13" count="0" type="stmt"/>
          <line num="14" count="0" type="stmt"/>
          <line num="16" count="0" type="cond" truecount="0" falsecount="2"/>
          <line num="17" count="0" type="stmt"/>
          <line num="18" count="0" type="stmt"/>
          <line num="21" count="0" type="cond" truecount="0" falsecount="2"/>
          <line num="22" count="0" type="stmt"/>
          <line num="24" count="0" type="cond" truecount="0" falsecount="2"/>
          <line num="25" count="0" type="stmt"/>
          <line num="29" count="0" type="cond" truecount="0" falsecount="2"/>
          <line num="30" count="0" type="cond" truecount="0" falsecount="2"/>
          <line num="31" count="0" type="stmt"/>
          <line num="32" count="0" type="stmt"/>
          <line num="35" count="0" type="stmt"/>
        </file>
        <file name="getUrlParamsAsObject.js" path="/Users/tule/workspace/lambchop/universal-rendering/analytics/trackingPixel/getUrlParamsAsObject.js">
          <metrics statements="9" coveredstatements="2" conditionals="0" coveredconditionals="0" methods="2" coveredmethods="0"/>
          <line num="3" count="1" type="stmt"/>
          <line num="4" count="0" type="stmt"/>
          <line num="5" count="0" type="stmt"/>
          <line num="6" count="0" type="stmt"/>
          <line num="7" count="0" type="stmt"/>
          <line num="10" count="0" type="stmt"/>
          <line num="13" count="1" type="stmt"/>
          <line num="14" count="0" type="stmt"/>
          <line num="16" count="0" type="stmt"/>
        </file>
        <file name="index.js" path="/Users/tule/workspace/lambchop/universal-rendering/analytics/trackingPixel/index.js">
          <metrics statements="4" coveredstatements="1" conditionals="0" coveredconditionals="0" methods="1" coveredmethods="0"/>
          <line num="11" count="1" type="stmt"/>
          <line num="13" count="0" type="stmt"/>
          <line num="14" count="0" type="stmt"/>
          <line num="16" count="0" type="stmt"/>
        </file>
        <file name="injectTrackingPixel.js" path="/Users/tule/workspace/lambchop/universal-rendering/analytics/trackingPixel/injectTrackingPixel.js">
          <metrics statements="9" coveredstatements="1" conditionals="0" coveredconditionals="0" methods="1" coveredmethods="0"/>
          <line num="1" count="1" type="stmt"/>
          <line num="2" count="0" type="stmt"/>
          <line num="3" count="0" type="stmt"/>
          <line num="4" count="0" type="stmt"/>
          <line num="5" count="0" type="stmt"/>
          <line num="6" count="0" type="stmt"/>
          <line num="7" count="0" type="stmt"/>
          <line num="8" count="0" type="stmt"/>
          <line num="9" count="0" type="stmt"/>
        </file>
        <file name="parseUtmParams.js" path="/Users/tule/workspace/lambchop/universal-rendering/analytics/trackingPixel/parseUtmParams.js">
          <metrics statements="16" coveredstatements="2" conditionals="10" coveredconditionals="0" methods="3" coveredmethods="0"/>
          <line num="1" count="1" type="stmt"/>
          <line num="2" count="0" type="stmt"/>
          <line num="3" count="0" type="stmt"/>
          <line num="4" count="0" type="cond" truecount="0" falsecount="2"/>
          <line num="5" count="0" type="stmt"/>
          <line num="8" count="0" type="stmt"/>
          <line num="13" count="1" type="stmt"/>
          <line num="14" count="0" type="stmt"/>
          <line num="15" count="0" type="stmt"/>
          <line num="16" count="0" type="cond" truecount="0" falsecount="2"/>
          <line num="17" count="0" type="cond" truecount="0" falsecount="2"/>
          <line num="19" count="0" type="cond" truecount="0" falsecount="2"/>
          <line num="20" count="0" type="stmt"/>
          <line num="21" count="0" type="cond" truecount="0" falsecount="2"/>
          <line num="22" count="0" type="stmt"/>
          <line num="25" count="0" type="stmt"/>
        </file>
      </package>
      <package name="universal-rendering.helpers">
        <metrics statements="11" coveredstatements="10" conditionals="9" coveredconditionals="7" methods="4" coveredmethods="4"/>
        <file name="getAssetUrl.js" path="/Users/tule/workspace/lambchop/universal-rendering/helpers/getAssetUrl.js">
          <metrics statements="5" coveredstatements="5" conditionals="0" coveredconditionals="0" methods="1" coveredmethods="1"/>
          <line num="13" count="1" type="stmt"/>
          <line num="17" count="3" type="stmt"/>
          <line num="18" count="3" type="stmt"/>
          <line num="19" count="3" type="stmt"/>
          <line num="20" count="3" type="stmt"/>
        </file>
        <file name="getInitialState.js" path="/Users/tule/workspace/lambchop/universal-rendering/helpers/getInitialState.js">
          <metrics statements="4" coveredstatements="3" conditionals="7" coveredconditionals="6" methods="1" coveredmethods="1"/>
          <line num="13" count="1" type="stmt"/>
          <line num="18" count="3" type="cond" truecount="3" falsecount="1"/>
          <line num="19" count="0" type="stmt"/>
          <line num="22" count="3" type="cond" truecount="2" falsecount="0"/>
        </file>
        <file name="loadServerEnv.js" path="/Users/tule/workspace/lambchop/universal-rendering/helpers/loadServerEnv.js">
          <metrics statements="1" coveredstatements="1" conditionals="2" coveredconditionals="1" methods="1" coveredmethods="1"/>
          <line num="8" count="3" type="cond" truecount="1" falsecount="1"/>
        </file>
        <file name="pushHshId.js" path="/Users/tule/workspace/lambchop/universal-rendering/helpers/pushHshId.js">
          <metrics statements="1" coveredstatements="1" conditionals="0" coveredconditionals="0" methods="1" coveredmethods="1"/>
          <line num="7" count="3" type="stmt"/>
        </file>
      </package>
      <package name="universal-rendering.templates">
        <metrics statements="24" coveredstatements="24" conditionals="10" coveredconditionals="6" methods="11" coveredmethods="11"/>
        <file name="body.js" path="/Users/tule/workspace/lambchop/universal-rendering/templates/body.js">
          <metrics statements="8" coveredstatements="8" conditionals="2" coveredconditionals="1" methods="4" coveredmethods="4"/>
          <line num="12" count="1" type="stmt"/>
          <line num="14" count="3" type="stmt"/>
          <line num="21" count="1" type="stmt"/>
          <line num="23" count="3" type="stmt"/>
          <line num="30" count="1" type="stmt"/>
          <line num="32" count="3" type="cond" truecount="1" falsecount="1"/>
          <line num="38" count="1" type="stmt"/>
          <line num="49" count="3" type="stmt"/>
        </file>
        <file name="header.js" path="/Users/tule/workspace/lambchop/universal-rendering/templates/header.js">
          <metrics statements="16" coveredstatements="16" conditionals="8" coveredconditionals="5" methods="7" coveredmethods="7"/>
          <line num="17" count="1" type="stmt"/>
          <line num="19" count="6" type="stmt"/>
          <line num="26" count="1" type="stmt"/>
          <line num="28" count="3" type="stmt"/>
          <line num="37" count="1" type="stmt"/>
          <line num="40" count="3" type="stmt"/>
          <line num="41" count="3" type="stmt"/>
          <line num="57" count="1" type="stmt"/>
          <line num="59" count="3" type="stmt"/>
          <line num="70" count="1" type="stmt"/>
          <line num="72" count="3" type="stmt"/>
          <line num="78" count="1" type="stmt"/>
          <line num="91" count="1" type="stmt"/>
          <line num="92" count="3" type="stmt"/>
          <line num="93" count="3" type="stmt"/>
          <line num="94" count="3" type="stmt"/>
        </file>
      </package>
      <package name="universal-rendering.util">
        <metrics statements="3" coveredstatements="3" conditionals="2" coveredconditionals="2" methods="4" coveredmethods="4"/>
        <file name="createSnippetFunctionAggregator.js" path="/Users/tule/workspace/lambchop/universal-rendering/util/createSnippetFunctionAggregator.js">
          <metrics statements="2" coveredstatements="2" conditionals="0" coveredconditionals="0" methods="3" coveredmethods="3"/>
          <line num="10" count="7" type="stmt"/>
          <line num="11" count="26" type="stmt"/>
        </file>
        <file name="outputHtml.js" path="/Users/tule/workspace/lambchop/universal-rendering/util/outputHtml.js">
          <metrics statements="1" coveredstatements="1" conditionals="2" coveredconditionals="2" methods="1" coveredmethods="1"/>
          <line num="6" count="32" type="cond" truecount="2" falsecount="0"/>
        </file>
      </package>
    </metrics>
  </project>
</coverage>
