{"/Users/tule/workspace/lambchop/caching/index.js": {"path":"/Users/tule/workspace/lambchop/caching/index.js","statementMap":{},"fnMap":{},"branchMap":{},"s":{},"f":{},"b":{},"_coverageSchema":"332fd63041d2c1bcb487cc26dd0d5f7d97098a6c","hash":"2040ae24dcda5f87d4aae86cdd7d4abea36656c6"}
,"/Users/tule/workspace/lambchop/caching/clients/AbstractCacheClient.js": {"path":"/Users/tule/workspace/lambchop/caching/clients/AbstractCacheClient.js","statementMap":{"0":{"start":{"line":12,"column":28},"end":{"line":14,"column":5}},"1":{"start":{"line":15,"column":19},"end":{"line":15,"column":21}},"2":{"start":{"line":16,"column":4},"end":{"line":20,"column":7}},"3":{"start":{"line":17,"column":6},"end":{"line":19,"column":7}},"4":{"start":{"line":18,"column":8},"end":{"line":18,"column":28}},"5":{"start":{"line":21,"column":4},"end":{"line":23,"column":5}},"6":{"start":{"line":22,"column":6},"end":{"line":22,"column":93}},"7":{"start":{"line":25,"column":4},"end":{"line":25,"column":25}},"8":{"start":{"line":33,"column":4},"end":{"line":33,"column":25}},"9":{"start":{"line":42,"column":4},"end":{"line":44,"column":6}},"10":{"start":{"line":43,"column":6},"end":{"line":43,"column":26}}},"fnMap":{"0":{"name":"(anonymous_0)","decl":{"start":{"line":11,"column":2},"end":{"line":11,"column":3}},"loc":{"start":{"line":11,"column":16},"end":{"line":26,"column":3}},"line":11},"1":{"name":"(anonymous_1)","decl":{"start":{"line":16,"column":28},"end":{"line":16,"column":29}},"loc":{"start":{"line":16,"column":40},"end":{"line":20,"column":5}},"line":16},"2":{"name":"(anonymous_2)","decl":{"start":{"line":32,"column":2},"end":{"line":32,"column":3}},"loc":{"start":{"line":32,"column":21},"end":{"line":34,"column":3}},"line":32},"3":{"name":"(anonymous_3)","decl":{"start":{"line":41,"column":2},"end":{"line":41,"column":3}},"loc":{"start":{"line":41,"column":41},"end":{"line":45,"column":3}},"line":41},"4":{"name":"(anonymous_4)","decl":{"start":{"line":42,"column":23},"end":{"line":42,"column":24}},"loc":{"start":{"line":42,"column":34},"end":{"line":44,"column":5}},"line":42}},"branchMap":{"0":{"loc":{"start":{"line":17,"column":6},"end":{"line":19,"column":7}},"type":"if","locations":[{"start":{"line":17,"column":6},"end":{"line":19,"column":7}},{"start":{"line":17,"column":6},"end":{"line":19,"column":7}}],"line":17},"1":{"loc":{"start":{"line":21,"column":4},"end":{"line":23,"column":5}},"type":"if","locations":[{"start":{"line":21,"column":4},"end":{"line":23,"column":5}},{"start":{"line":21,"column":4},"end":{"line":23,"column":5}}],"line":21}},"s":{"0":9,"1":9,"2":9,"3":36,"4":4,"5":9,"6":1,"7":8,"8":0,"9":2,"10":2},"f":{"0":9,"1":36,"2":0,"3":2,"4":2},"b":{"0":[4,32],"1":[1,8]},"_coverageSchema":"332fd63041d2c1bcb487cc26dd0d5f7d97098a6c","hash":"a75b274696970acc8822d7bf189257fd3283a85b"}
,"/Users/tule/workspace/lambchop/caching/clients/RedisCacheClient.js": {"path":"/Users/tule/workspace/lambchop/caching/clients/RedisCacheClient.js","statementMap":{"0":{"start":{"line":7,"column":28},"end":{"line":7,"column":34}},"1":{"start":{"line":27,"column":4},"end":{"line":27,"column":12}},"2":{"start":{"line":28,"column":4},"end":{"line":28,"column":21}},"3":{"start":{"line":29,"column":4},"end":{"line":29,"column":21}},"4":{"start":{"line":30,"column":4},"end":{"line":30,"column":29}},"5":{"start":{"line":31,"column":4},"end":{"line":31,"column":19}},"6":{"start":{"line":32,"column":4},"end":{"line":32,"column":54}},"7":{"start":{"line":33,"column":4},"end":{"line":33,"column":22}},"8":{"start":{"line":40,"column":17},"end":{"line":40,"column":21}},"9":{"start":{"line":41,"column":4},"end":{"line":64,"column":5}},"10":{"start":{"line":42,"column":6},"end":{"line":59,"column":9}},"11":{"start":{"line":47,"column":10},"end":{"line":47,"column":86}},"12":{"start":{"line":48,"column":10},"end":{"line":51,"column":11}},"13":{"start":{"line":50,"column":12},"end":{"line":50,"column":53}},"14":{"start":{"line":52,"column":10},"end":{"line":55,"column":11}},"15":{"start":{"line":54,"column":12},"end":{"line":54,"column":29}},"16":{"start":{"line":57,"column":10},"end":{"line":57,"column":55}},"17":{"start":{"line":60,"column":6},"end":{"line":60,"column":43}},"18":{"start":{"line":62,"column":6},"end":{"line":62,"column":28}},"19":{"start":{"line":63,"column":6},"end":{"line":63,"column":61}},"20":{"start":{"line":65,"column":4},"end":{"line":65,"column":27}},"21":{"start":{"line":72,"column":4},"end":{"line":72,"column":52}},"22":{"start":{"line":83,"column":27},"end":{"line":83,"column":75}},"23":{"start":{"line":84,"column":4},"end":{"line":88,"column":9}},"24":{"start":{"line":86,"column":8},"end":{"line":86,"column":78}},"25":{"start":{"line":87,"column":8},"end":{"line":87,"column":21}},"26":{"start":{"line":99,"column":4},"end":{"line":103,"column":5}},"27":{"start":{"line":100,"column":6},"end":{"line":100,"column":82}},"28":{"start":{"line":102,"column":6},"end":{"line":102,"column":62}}},"fnMap":{"0":{"name":"(anonymous_0)","decl":{"start":{"line":23,"column":2},"end":{"line":23,"column":3}},"loc":{"start":{"line":26,"column":5},"end":{"line":34,"column":3}},"line":26},"1":{"name":"(anonymous_1)","decl":{"start":{"line":39,"column":2},"end":{"line":39,"column":3}},"loc":{"start":{"line":39,"column":15},"end":{"line":66,"column":3}},"line":39},"2":{"name":"(anonymous_2)","decl":{"start":{"line":46,"column":24},"end":{"line":46,"column":25}},"loc":{"start":{"line":46,"column":37},"end":{"line":58,"column":9}},"line":46},"3":{"name":"(anonymous_3)","decl":{"start":{"line":71,"column":2},"end":{"line":71,"column":3}},"loc":{"start":{"line":71,"column":14},"end":{"line":73,"column":3}},"line":71},"4":{"name":"(anonymous_4)","decl":{"start":{"line":82,"column":2},"end":{"line":82,"column":3}},"loc":{"start":{"line":82,"column":26},"end":{"line":89,"column":3}},"line":82},"5":{"name":"(anonymous_5)","decl":{"start":{"line":85,"column":13},"end":{"line":85,"column":14}},"loc":{"start":{"line":85,"column":22},"end":{"line":88,"column":7}},"line":85},"6":{"name":"(anonymous_6)","decl":{"start":{"line":98,"column":2},"end":{"line":98,"column":3}},"loc":{"start":{"line":98,"column":23},"end":{"line":104,"column":3}},"line":98}},"branchMap":{"0":{"loc":{"start":{"line":32,"column":29},"end":{"line":32,"column":53}},"type":"binary-expr","locations":[{"start":{"line":32,"column":29},"end":{"line":32,"column":46}},{"start":{"line":32,"column":50},"end":{"line":32,"column":53}}],"line":32},"1":{"loc":{"start":{"line":48,"column":10},"end":{"line":51,"column":11}},"type":"if","locations":[{"start":{"line":48,"column":10},"end":{"line":51,"column":11}},{"start":{"line":48,"column":10},"end":{"line":51,"column":11}}],"line":48},"2":{"loc":{"start":{"line":52,"column":10},"end":{"line":55,"column":11}},"type":"if","locations":[{"start":{"line":52,"column":10},"end":{"line":55,"column":11}},{"start":{"line":52,"column":10},"end":{"line":55,"column":11}}],"line":52},"3":{"loc":{"start":{"line":72,"column":11},"end":{"line":72,"column":51}},"type":"binary-expr","locations":[{"start":{"line":72,"column":11},"end":{"line":72,"column":24}},{"start":{"line":72,"column":28},"end":{"line":72,"column":51}}],"line":72},"4":{"loc":{"start":{"line":84,"column":47},"end":{"line":84,"column":80}},"type":"binary-expr","locations":[{"start":{"line":84,"column":47},"end":{"line":84,"column":54}},{"start":{"line":84,"column":58},"end":{"line":84,"column":80}}],"line":84},"5":{"loc":{"start":{"line":100,"column":42},"end":{"line":100,"column":80}},"type":"binary-expr","locations":[{"start":{"line":100,"column":42},"end":{"line":100,"column":45}},{"start":{"line":100,"column":49},"end":{"line":100,"column":57}},{"start":{"line":100,"column":61},"end":{"line":100,"column":80}}],"line":100}},"s":{"0":2,"1":5,"2":5,"3":5,"4":5,"5":5,"6":5,"7":5,"8":5,"9":5,"10":5,"11":0,"12":0,"13":0,"14":0,"15":0,"16":0,"17":5,"18":0,"19":0,"20":5,"21":0,"22":1,"23":1,"24":1,"25":1,"26":0,"27":0,"28":0},"f":{"0":5,"1":5,"2":0,"3":0,"4":1,"5":1,"6":0},"b":{"0":[5,4],"1":[0,0],"2":[0,0],"3":[0,0],"4":[1,1],"5":[0,0,0]},"_coverageSchema":"332fd63041d2c1bcb487cc26dd0d5f7d97098a6c","hash":"a7b9c6bf3018016b46b3058df86b3798f60bb6d0"}
,"/Users/tule/workspace/lambchop/error-notification/index.js": {"path":"/Users/tule/workspace/lambchop/error-notification/index.js","statementMap":{},"fnMap":{},"branchMap":{},"s":{},"f":{},"b":{},"_coverageSchema":"332fd63041d2c1bcb487cc26dd0d5f7d97098a6c","hash":"dc6f1f1f4dfcca94f1d871135ccc1ff0aee57a5e"}
,"/Users/tule/workspace/lambchop/error-notification/notifiers/AbstractNotifier.js": {"path":"/Users/tule/workspace/lambchop/error-notification/notifiers/AbstractNotifier.js","statementMap":{"0":{"start":{"line":13,"column":28},"end":{"line":15,"column":5}},"1":{"start":{"line":16,"column":19},"end":{"line":16,"column":21}},"2":{"start":{"line":17,"column":4},"end":{"line":21,"column":7}},"3":{"start":{"line":18,"column":6},"end":{"line":20,"column":7}},"4":{"start":{"line":19,"column":8},"end":{"line":19,"column":28}},"5":{"start":{"line":22,"column":4},"end":{"line":24,"column":5}},"6":{"start":{"line":23,"column":6},"end":{"line":23,"column":93}},"7":{"start":{"line":26,"column":4},"end":{"line":30,"column":5}},"8":{"start":{"line":27,"column":6},"end":{"line":29,"column":9}},"9":{"start":{"line":28,"column":8},"end":{"line":28,"column":47}},"10":{"start":{"line":38,"column":19},"end":{"line":38,"column":133}},"11":{"start":{"line":38,"column":52},"end":{"line":38,"column":89}},"12":{"start":{"line":38,"column":114},"end":{"line":38,"column":132}},"13":{"start":{"line":39,"column":4},"end":{"line":41,"column":5}},"14":{"start":{"line":40,"column":6},"end":{"line":40,"column":63}}},"fnMap":{"0":{"name":"(anonymous_0)","decl":{"start":{"line":12,"column":2},"end":{"line":12,"column":3}},"loc":{"start":{"line":12,"column":23},"end":{"line":31,"column":3}},"line":12},"1":{"name":"(anonymous_1)","decl":{"start":{"line":17,"column":28},"end":{"line":17,"column":29}},"loc":{"start":{"line":17,"column":40},"end":{"line":21,"column":5}},"line":17},"2":{"name":"(anonymous_2)","decl":{"start":{"line":27,"column":35},"end":{"line":27,"column":36}},"loc":{"start":{"line":27,"column":51},"end":{"line":29,"column":7}},"line":27},"3":{"name":"(anonymous_3)","decl":{"start":{"line":37,"column":2},"end":{"line":37,"column":3}},"loc":{"start":{"line":37,"column":38},"end":{"line":42,"column":3}},"line":37},"4":{"name":"(anonymous_4)","decl":{"start":{"line":38,"column":36},"end":{"line":38,"column":37}},"loc":{"start":{"line":38,"column":52},"end":{"line":38,"column":89}},"line":38},"5":{"name":"(anonymous_5)","decl":{"start":{"line":38,"column":99},"end":{"line":38,"column":100}},"loc":{"start":{"line":38,"column":114},"end":{"line":38,"column":132}},"line":38}},"branchMap":{"0":{"loc":{"start":{"line":18,"column":6},"end":{"line":20,"column":7}},"type":"if","locations":[{"start":{"line":18,"column":6},"end":{"line":20,"column":7}},{"start":{"line":18,"column":6},"end":{"line":20,"column":7}}],"line":18},"1":{"loc":{"start":{"line":22,"column":4},"end":{"line":24,"column":5}},"type":"if","locations":[{"start":{"line":22,"column":4},"end":{"line":24,"column":5}},{"start":{"line":22,"column":4},"end":{"line":24,"column":5}}],"line":22},"2":{"loc":{"start":{"line":26,"column":4},"end":{"line":30,"column":5}},"type":"if","locations":[{"start":{"line":26,"column":4},"end":{"line":30,"column":5}},{"start":{"line":26,"column":4},"end":{"line":30,"column":5}}],"line":26},"3":{"loc":{"start":{"line":38,"column":52},"end":{"line":38,"column":89}},"type":"cond-expr","locations":[{"start":{"line":38,"column":73},"end":{"line":38,"column":84}},{"start":{"line":38,"column":87},"end":{"line":38,"column":89}}],"line":38},"4":{"loc":{"start":{"line":39,"column":4},"end":{"line":41,"column":5}},"type":"if","locations":[{"start":{"line":39,"column":4},"end":{"line":41,"column":5}},{"start":{"line":39,"column":4},"end":{"line":41,"column":5}}],"line":39}},"s":{"0":7,"1":7,"2":7,"3":7,"4":1,"5":7,"6":1,"7":6,"8":4,"9":10,"10":6,"11":14,"12":14,"13":6,"14":2},"f":{"0":7,"1":7,"2":10,"3":6,"4":14,"5":14},"b":{"0":[1,6],"1":[1,6],"2":[4,2],"3":[4,10],"4":[2,4]},"_coverageSchema":"332fd63041d2c1bcb487cc26dd0d5f7d97098a6c","hash":"3324659337a90e0a7672213d744c95cd6251e39b"}
,"/Users/tule/workspace/lambchop/error-notification/notifiers/RollbarNotifier.js": {"path":"/Users/tule/workspace/lambchop/error-notification/notifiers/RollbarNotifier.js","statementMap":{"0":{"start":{"line":5,"column":15},"end":{"line":5,"column":19}},"1":{"start":{"line":19,"column":4},"end":{"line":19,"column":19}},"2":{"start":{"line":20,"column":4},"end":{"line":20,"column":90}},"3":{"start":{"line":21,"column":4},"end":{"line":24,"column":7}},"4":{"start":{"line":25,"column":4},"end":{"line":25,"column":29}},"5":{"start":{"line":33,"column":4},"end":{"line":45,"column":6}},"6":{"start":{"line":54,"column":4},"end":{"line":54,"column":75}},"7":{"start":{"line":55,"column":4},"end":{"line":57,"column":7}},"8":{"start":{"line":56,"column":6},"end":{"line":56,"column":18}}},"fnMap":{"0":{"name":"(anonymous_0)","decl":{"start":{"line":18,"column":2},"end":{"line":18,"column":3}},"loc":{"start":{"line":18,"column":23},"end":{"line":26,"column":3}},"line":18},"1":{"name":"(anonymous_1)","decl":{"start":{"line":32,"column":2},"end":{"line":32,"column":3}},"loc":{"start":{"line":32,"column":24},"end":{"line":46,"column":3}},"line":32},"2":{"name":"(anonymous_2)","decl":{"start":{"line":53,"column":2},"end":{"line":53,"column":3}},"loc":{"start":{"line":53,"column":46},"end":{"line":58,"column":3}},"line":53},"3":{"name":"(anonymous_3)","decl":{"start":{"line":55,"column":18},"end":{"line":55,"column":19}},"loc":{"start":{"line":55,"column":24},"end":{"line":57,"column":5}},"line":55}},"branchMap":{},"s":{"0":3,"1":4,"2":4,"3":3,"4":3,"5":5,"6":1,"7":1,"8":0},"f":{"0":4,"1":5,"2":1,"3":0},"b":{},"_coverageSchema":"332fd63041d2c1bcb487cc26dd0d5f7d97098a6c","hash":"2795a8089c3db6378b51c4485d24da13455174c0"}
,"/Users/tule/workspace/lambchop/middlewares/index.js": {"path":"/Users/tule/workspace/lambchop/middlewares/index.js","statementMap":{"0":{"start":{"line":3,"column":0},"end":{"line":null,"column":-1}},"1":{"start":{"line":4,"column":0},"end":{"line":null,"column":-1}},"2":{"start":{"line":5,"column":0},"end":{"line":null,"column":-1}},"3":{"start":{"line":6,"column":0},"end":{"line":null,"column":-1}}},"fnMap":{},"branchMap":{},"s":{"0":0,"1":0,"2":0,"3":0},"f":{},"b":{}}
,"/Users/tule/workspace/lambchop/middlewares/default/caching.js": {"path":"/Users/tule/workspace/lambchop/middlewares/default/caching.js","statementMap":{"0":{"start":{"line":8,"column":18},"end":{"line":29,"column":1}},"1":{"start":{"line":8,"column":38},"end":{"line":29,"column":1}},"2":{"start":{"line":9,"column":2},"end":{"line":9,"column":48}},"3":{"start":{"line":10,"column":16},"end":{"line":10,"column":26}},"4":{"start":{"line":13,"column":2},"end":{"line":24,"column":3}},"5":{"start":{"line":14,"column":16},"end":{"line":14,"column":32}},"6":{"start":{"line":15,"column":17},"end":{"line":15,"column":38}},"7":{"start":{"line":16,"column":4},"end":{"line":21,"column":5}},"8":{"start":{"line":17,"column":6},"end":{"line":17,"column":31}},"9":{"start":{"line":18,"column":6},"end":{"line":18,"column":48}},"10":{"start":{"line":20,"column":6},"end":{"line":20,"column":60}},"11":{"start":{"line":23,"column":4},"end":{"line":23,"column":72}},"12":{"start":{"line":26,"column":14},"end":{"line":26,"column":24}},"13":{"start":{"line":27,"column":2},"end":{"line":27,"column":71}},"14":{"start":{"line":28,"column":2},"end":{"line":28,"column":9}},"15":{"start":{"line":37,"column":19},"end":{"line":49,"column":1}},"16":{"start":{"line":37,"column":56},"end":{"line":49,"column":1}},"17":{"start":{"line":38,"column":31},"end":{"line":38,"column":34}},"18":{"start":{"line":39,"column":2},"end":{"line":39,"column":48}},"19":{"start":{"line":40,"column":2},"end":{"line":48,"column":3}},"20":{"start":{"line":41,"column":21},"end":{"line":41,"column":37}},"21":{"start":{"line":42,"column":25},"end":{"line":42,"column":50}},"22":{"start":{"line":43,"column":4},"end":{"line":47,"column":5}},"23":{"start":{"line":44,"column":6},"end":{"line":44,"column":41}},"24":{"start":{"line":46,"column":6},"end":{"line":46,"column":84}}},"fnMap":{"0":{"name":"(anonymous_0)","decl":{"start":{"line":8,"column":18},"end":{"line":8,"column":19}},"loc":{"start":{"line":8,"column":38},"end":{"line":29,"column":1}},"line":8},"1":{"name":"(anonymous_1)","decl":{"start":{"line":8,"column":38},"end":{"line":8,"column":39}},"loc":{"start":{"line":8,"column":64},"end":{"line":29,"column":1}},"line":8},"2":{"name":"(anonymous_2)","decl":{"start":{"line":37,"column":19},"end":{"line":37,"column":20}},"loc":{"start":{"line":37,"column":56},"end":{"line":49,"column":1}},"line":37},"3":{"name":"(anonymous_3)","decl":{"start":{"line":37,"column":56},"end":{"line":37,"column":57}},"loc":{"start":{"line":37,"column":76},"end":{"line":49,"column":1}},"line":37}},"branchMap":{"0":{"loc":{"start":{"line":13,"column":2},"end":{"line":24,"column":3}},"type":"if","locations":[{"start":{"line":13,"column":2},"end":{"line":24,"column":3}},{"start":{"line":13,"column":2},"end":{"line":24,"column":3}}],"line":13},"1":{"loc":{"start":{"line":16,"column":4},"end":{"line":21,"column":5}},"type":"if","locations":[{"start":{"line":16,"column":4},"end":{"line":21,"column":5}},{"start":{"line":16,"column":4},"end":{"line":21,"column":5}}],"line":16},"2":{"loc":{"start":{"line":38,"column":10},"end":{"line":38,"column":26}},"type":"default-arg","locations":[{"start":{"line":38,"column":23},"end":{"line":38,"column":26}}],"line":38},"3":{"loc":{"start":{"line":40,"column":2},"end":{"line":48,"column":3}},"type":"if","locations":[{"start":{"line":40,"column":2},"end":{"line":48,"column":3}},{"start":{"line":40,"column":2},"end":{"line":48,"column":3}}],"line":40},"4":{"loc":{"start":{"line":43,"column":4},"end":{"line":47,"column":5}},"type":"if","locations":[{"start":{"line":43,"column":4},"end":{"line":47,"column":5}},{"start":{"line":43,"column":4},"end":{"line":47,"column":5}}],"line":43}},"s":{"0":1,"1":2,"2":2,"3":2,"4":2,"5":1,"6":1,"7":1,"8":1,"9":1,"10":0,"11":1,"12":2,"13":2,"14":2,"15":1,"16":2,"17":2,"18":2,"19":2,"20":1,"21":1,"22":1,"23":1,"24":0},"f":{"0":2,"1":2,"2":2,"3":2},"b":{"0":[1,1],"1":[1,0],"2":[0],"3":[1,1],"4":[1,0]},"_coverageSchema":"332fd63041d2c1bcb487cc26dd0d5f7d97098a6c","hash":"85018172e69d72d798e8f870bfff2a884677ff2e"}
,"/Users/tule/workspace/lambchop/middlewares/default/error-handler.js": {"path":"/Users/tule/workspace/lambchop/middlewares/default/error-handler.js","statementMap":{"0":{"start":{"line":8,"column":26},"end":{"line":12,"column":1}},"1":{"start":{"line":8,"column":43},"end":{"line":12,"column":1}},"2":{"start":{"line":9,"column":2},"end":{"line":9,"column":23}},"3":{"start":{"line":10,"column":2},"end":{"line":10,"column":31}},"4":{"start":{"line":11,"column":2},"end":{"line":11,"column":9}},"5":{"start":{"line":18,"column":26},"end":{"line":28,"column":1}},"6":{"start":{"line":18,"column":32},"end":{"line":28,"column":1}},"7":{"start":{"line":19,"column":15},"end":{"line":19,"column":18}},"8":{"start":{"line":20,"column":2},"end":{"line":23,"column":3}},"9":{"start":{"line":21,"column":27},"end":{"line":21,"column":41}},"10":{"start":{"line":22,"column":4},"end":{"line":22,"column":31}},"11":{"start":{"line":25,"column":2},"end":{"line":25,"column":9}},"12":{"start":{"line":27,"column":2},"end":{"line":27,"column":32}}},"fnMap":{"0":{"name":"(anonymous_0)","decl":{"start":{"line":8,"column":26},"end":{"line":8,"column":27}},"loc":{"start":{"line":8,"column":43},"end":{"line":12,"column":1}},"line":8},"1":{"name":"(anonymous_1)","decl":{"start":{"line":8,"column":43},"end":{"line":8,"column":44}},"loc":{"start":{"line":8,"column":70},"end":{"line":12,"column":1}},"line":8},"2":{"name":"(anonymous_2)","decl":{"start":{"line":18,"column":26},"end":{"line":18,"column":27}},"loc":{"start":{"line":18,"column":32},"end":{"line":28,"column":1}},"line":18},"3":{"name":"(anonymous_3)","decl":{"start":{"line":18,"column":32},"end":{"line":18,"column":33}},"loc":{"start":{"line":18,"column":59},"end":{"line":28,"column":1}},"line":18}},"branchMap":{"0":{"loc":{"start":{"line":20,"column":2},"end":{"line":23,"column":3}},"type":"if","locations":[{"start":{"line":20,"column":2},"end":{"line":23,"column":3}},{"start":{"line":20,"column":2},"end":{"line":23,"column":3}}],"line":20},"1":{"loc":{"start":{"line":22,"column":13},"end":{"line":22,"column":30}},"type":"binary-expr","locations":[{"start":{"line":22,"column":13},"end":{"line":22,"column":23}},{"start":{"line":22,"column":27},"end":{"line":22,"column":30}}],"line":22}},"s":{"0":1,"1":1,"2":1,"3":1,"4":1,"5":1,"6":1,"7":1,"8":1,"9":1,"10":1,"11":1,"12":1},"f":{"0":1,"1":1,"2":1,"3":1},"b":{"0":[1,0],"1":[1,1]},"_coverageSchema":"332fd63041d2c1bcb487cc26dd0d5f7d97098a6c","hash":"f936017b8235b38de49a71a6382427182efa2a43"}
,"/Users/tule/workspace/lambchop/middlewares/default/header-preprocessor.js": {"path":"/Users/tule/workspace/lambchop/middlewares/default/header-preprocessor.js","statementMap":{"0":{"start":{"line":9,"column":27},"end":{"line":16,"column":1}},"1":{"start":{"line":9,"column":33},"end":{"line":16,"column":1}},"2":{"start":{"line":10,"column":22},"end":{"line":10,"column":25}},"3":{"start":{"line":11,"column":39},"end":{"line":11,"column":46}},"4":{"start":{"line":12,"column":22},"end":{"line":12,"column":54}},"5":{"start":{"line":13,"column":2},"end":{"line":13,"column":40}},"6":{"start":{"line":14,"column":2},"end":{"line":14,"column":42}},"7":{"start":{"line":15,"column":2},"end":{"line":15,"column":9}}},"fnMap":{"0":{"name":"(anonymous_0)","decl":{"start":{"line":9,"column":27},"end":{"line":9,"column":28}},"loc":{"start":{"line":9,"column":33},"end":{"line":16,"column":1}},"line":9},"1":{"name":"(anonymous_1)","decl":{"start":{"line":9,"column":33},"end":{"line":9,"column":34}},"loc":{"start":{"line":9,"column":53},"end":{"line":16,"column":1}},"line":9}},"branchMap":{"0":{"loc":{"start":{"line":12,"column":22},"end":{"line":12,"column":54}},"type":"binary-expr","locations":[{"start":{"line":12,"column":22},"end":{"line":12,"column":46}},{"start":{"line":12,"column":50},"end":{"line":12,"column":54}}],"line":12}},"s":{"0":1,"1":1,"2":1,"3":1,"4":1,"5":1,"6":1,"7":1},"f":{"0":1,"1":1},"b":{"0":[1,0]},"_coverageSchema":"332fd63041d2c1bcb487cc26dd0d5f7d97098a6c","hash":"9a2e8753f8b641fe60ecb0642a4682e47c97138b"}
,"/Users/tule/workspace/lambchop/middlewares/default/retrieve-data.js": {"path":"/Users/tule/workspace/lambchop/middlewares/default/retrieve-data.js","statementMap":{"0":{"start":{"line":7,"column":21},"end":{"line":14,"column":1}},"1":{"start":{"line":7,"column":32},"end":{"line":14,"column":1}},"2":{"start":{"line":8,"column":16},"end":{"line":8,"column":26}},"3":{"start":{"line":9,"column":15},"end":{"line":9,"column":38}},"4":{"start":{"line":10,"column":2},"end":{"line":10,"column":18}},"5":{"start":{"line":11,"column":14},"end":{"line":11,"column":24}},"6":{"start":{"line":12,"column":2},"end":{"line":12,"column":71}},"7":{"start":{"line":13,"column":2},"end":{"line":13,"column":9}}},"fnMap":{"0":{"name":"(anonymous_0)","decl":{"start":{"line":7,"column":21},"end":{"line":7,"column":22}},"loc":{"start":{"line":7,"column":32},"end":{"line":14,"column":1}},"line":7},"1":{"name":"(anonymous_1)","decl":{"start":{"line":7,"column":32},"end":{"line":7,"column":33}},"loc":{"start":{"line":7,"column":58},"end":{"line":14,"column":1}},"line":7}},"branchMap":{},"s":{"0":1,"1":1,"2":1,"3":1,"4":1,"5":1,"6":1,"7":1},"f":{"0":1,"1":1},"b":{},"_coverageSchema":"332fd63041d2c1bcb487cc26dd0d5f7d97098a6c","hash":"8ef92cb3e8dadae0fc593fd0faee9fb0b7c392a4"}
,"/Users/tule/workspace/lambchop/src/LambBase.js": {"path":"/Users/tule/workspace/lambchop/src/LambBase.js","statementMap":{"0":{"start":{"line":1,"column":0},"end":{"line":null,"column":-1}},"1":{"start":{"line":2,"column":0},"end":{"line":null,"column":-1}},"2":{"start":{"line":3,"column":0},"end":{"line":null,"column":-1}},"3":{"start":{"line":4,"column":0},"end":{"line":null,"column":-1}},"4":{"start":{"line":5,"column":0},"end":{"line":null,"column":-1}},"5":{"start":{"line":6,"column":0},"end":{"line":null,"column":-1}},"6":{"start":{"line":9,"column":19},"end":{"line":9,"column":0}},"7":{"start":{"line":22,"column":26},"end":{"line":null,"column":-1}},"8":{"start":{"line":23,"column":4},"end":{"line":null,"column":-1}},"9":{"start":{"line":24,"column":4},"end":{"line":null,"column":-1}},"10":{"start":{"line":31,"column":4},"end":{"line":null,"column":-1}},"11":{"start":{"line":32,"column":4},"end":{"line":null,"column":-1}},"12":{"start":{"line":36,"column":19},"end":{"line":36,"column":4}},"13":{"start":{"line":37,"column":4},"end":{"line":null,"column":-1}},"14":{"start":{"line":38,"column":4},"end":{"line":null,"column":-1}},"15":{"start":{"line":39,"column":6},"end":{"line":null,"column":-1}},"16":{"start":{"line":41,"column":4},"end":{"line":null,"column":-1}},"17":{"start":{"line":45,"column":4},"end":{"line":null,"column":-1}},"18":{"start":{"line":49,"column":22},"end":{"line":48,"column":20}},"19":{"start":{"line":50,"column":4},"end":{"line":52,"column":5}},"20":{"start":{"line":51,"column":6},"end":{"line":null,"column":-1}},"21":{"start":{"line":56,"column":35},"end":{"line":55,"column":37}},"22":{"start":{"line":57,"column":4},"end":{"line":null,"column":-1}},"23":{"start":{"line":61,"column":31},"end":{"line":60,"column":24}},"24":{"start":{"line":60,"column":24},"end":{"line":60,"column":23}},"25":{"start":{"line":62,"column":4},"end":{"line":75,"column":5}},"26":{"start":{"line":63,"column":30},"end":{"line":62,"column":15}},"27":{"start":{"line":64,"column":12},"end":{"line":64,"column":6}},"28":{"start":{"line":65,"column":8},"end":{"line":67,"column":9}},"29":{"start":{"line":66,"column":10},"end":{"line":null,"column":-1}},"30":{"start":{"line":68,"column":8},"end":{"line":null,"column":-1}},"31":{"start":{"line":64,"column":12},"end":{"line":null,"column":-1}},"32":{"start":{"line":70,"column":12},"end":{"line":70,"column":6}},"33":{"start":{"line":70,"column":28},"end":{"line":null,"column":-1}},"34":{"start":{"line":70,"column":12},"end":{"line":null,"column":-1}},"35":{"start":{"line":71,"column":35},"end":{"line":71,"column":6}},"36":{"start":{"line":72,"column":6},"end":{"line":null,"column":-1}},"37":{"start":{"line":74,"column":6},"end":{"line":null,"column":-1}},"38":{"start":{"line":79,"column":28},"end":{"line":78,"column":25}},"39":{"start":{"line":78,"column":25},"end":{"line":78,"column":24}},"40":{"start":{"line":80,"column":4},"end":{"line":80,"column":16}},"41":{"start":{"line":80,"column":16},"end":{"line":null,"column":-1}},"42":{"start":{"line":81,"column":4},"end":{"line":81,"column":13}},"43":{"start":{"line":81,"column":13},"end":{"line":null,"column":-1}},"44":{"start":{"line":85,"column":43},"end":{"line":84,"column":25}},"45":{"start":{"line":84,"column":25},"end":{"line":84,"column":24}},"46":{"start":{"line":86,"column":4},"end":{"line":null,"column":-1}},"47":{"start":{"line":89,"column":4},"end":{"line":89,"column":16}},"48":{"start":{"line":89,"column":16},"end":{"line":null,"column":-1}},"49":{"start":{"line":90,"column":4},"end":{"line":90,"column":13}},"50":{"start":{"line":90,"column":13},"end":{"line":null,"column":-1}},"51":{"start":{"line":93,"column":41},"end":{"line":null,"column":-1}},"52":{"start":{"line":93,"column":41},"end":{"line":93,"column":40}},"53":{"start":{"line":94,"column":4},"end":{"line":null,"column":-1}},"54":{"start":{"line":94,"column":50},"end":{"line":94,"column":49}},"55":{"start":{"line":95,"column":6},"end":{"line":97,"column":7}},"56":{"start":{"line":96,"column":8},"end":{"line":null,"column":-1}},"57":{"start":{"line":102,"column":4},"end":{"line":null,"column":-1}},"58":{"start":{"line":102,"column":47},"end":{"line":102,"column":46}},"59":{"start":{"line":102,"column":47},"end":{"line":null,"column":-1}},"60":{"start":{"line":105,"column":8},"end":{"line":null,"column":-1}},"61":{"start":{"line":106,"column":4},"end":{"line":null,"column":-1}},"62":{"start":{"line":108,"column":6},"end":{"line":null,"column":-1}},"63":{"start":{"line":110,"column":6},"end":{"line":null,"column":-1}}},"fnMap":{"0":{"name":"LambBase","decl":{"start":{"line":22,"column":2},"end":{"line":22,"column":13}},"loc":{"start":{"line":22,"column":26},"end":{"line":33,"column":3}}},"1":{"name":"(anonymous_15)","decl":{"start":{"line":38,"column":29},"end":{"line":38,"column":29}},"loc":{"start":{"line":38,"column":45},"end":{"line":38,"column":4}}},"2":{"name":"(anonymous_24)","decl":{"start":{"line":64,"column":12},"end":{"line":null,"column":-1}},"loc":{"start":{"line":64,"column":12},"end":{"line":64,"column":5}}},"3":{"name":"prefixKeyFunction","decl":{"start":{"line":64,"column":12},"end":{"line":64,"column":32}},"loc":{"start":{"line":64,"column":46},"end":{"line":69,"column":7}}},"4":{"name":"(anonymous_26)","decl":{"start":{"line":70,"column":12},"end":{"line":null,"column":-1}},"loc":{"start":{"line":70,"column":12},"end":{"line":70,"column":5}}},"5":{"name":"initHTMLCache","decl":{"start":{"line":70,"column":12},"end":{"line":70,"column":28}},"loc":{"start":{"line":70,"column":28},"end":{"line":null,"column":-1}}},"6":{"name":"(anonymous_32)","decl":{"start":{"line":87,"column":60},"end":{"line":87,"column":65}},"loc":{"start":{"line":87,"column":66},"end":{"line":86,"column":23}}},"7":{"name":"(anonymous_35)","decl":{"start":{"line":94,"column":29},"end":{"line":94,"column":39}},"loc":{"start":{"line":94,"column":50},"end":{"line":94,"column":4}}},"8":{"name":"(anonymous_38)","decl":{"start":{"line":102,"column":47},"end":{"line":null,"column":-1}},"loc":{"start":{"line":102,"column":47},"end":{"line":102,"column":23}}},"9":{"name":"(anonymous_41)","decl":{"start":{"line":106,"column":4},"end":{"line":null,"column":-1}},"loc":{"start":{"line":106,"column":4},"end":{"line":null,"column":-1}}},"10":{"name":"(anonymous_42)","decl":{"start":{"line":106,"column":11},"end":{"line":106,"column":17}},"loc":{"start":{"line":106,"column":37},"end":{"line":106,"column":4}}}},"branchMap":{"0":{"loc":{"start":{"line":25,"column":14},"end":{"line":25,"column":13}},"type":"binary-expr","locations":[{"start":{"line":25,"column":14},"end":{"line":25,"column":13}},{"start":{"line":25,"column":35},"end":{"line":null,"column":-1}}]},"1":{"loc":{"start":{"line":50,"column":4},"end":{"line":52,"column":5}},"type":"if","locations":[{"start":{"line":50,"column":4},"end":{"line":52,"column":5}},{"start":{"line":50,"column":4},"end":{"line":52,"column":5}}]},"2":{"loc":{"start":{"line":57,"column":46},"end":{"line":57,"column":67}},"type":"binary-expr","locations":[{"start":{"line":57,"column":46},"end":{"line":57,"column":67}},{"start":{"line":57,"column":68},"end":{"line":57,"column":4}}]},"3":{"loc":{"start":{"line":62,"column":4},"end":{"line":75,"column":5}},"type":"if","locations":[{"start":{"line":62,"column":4},"end":{"line":75,"column":5}},{"start":{"line":62,"column":4},"end":{"line":75,"column":5}}]},"4":{"loc":{"start":{"line":65,"column":8},"end":{"line":67,"column":9}},"type":"if","locations":[{"start":{"line":65,"column":8},"end":{"line":67,"column":9}},{"start":{"line":65,"column":8},"end":{"line":67,"column":9}}]},"5":{"loc":{"start":{"line":70,"column":35},"end":{"line":70,"column":34}},"type":"binary-expr","locations":[{"start":{"line":70,"column":35},"end":{"line":70,"column":34}},{"start":{"line":70,"column":55},"end":{"line":70,"column":28}}]},"6":{"loc":{"start":{"line":80,"column":4},"end":{"line":80,"column":16}},"type":"if","locations":[{"start":{"line":80,"column":4},"end":{"line":80,"column":16}},{"start":{"line":80,"column":4},"end":{"line":80,"column":16}}]},"7":{"loc":{"start":{"line":81,"column":4},"end":{"line":81,"column":13}},"type":"if","locations":[{"start":{"line":81,"column":4},"end":{"line":81,"column":13}},{"start":{"line":81,"column":4},"end":{"line":81,"column":13}}]},"8":{"loc":{"start":{"line":87,"column":22},"end":{"line":87,"column":6}},"type":"cond-expr","locations":[{"start":{"line":87,"column":22},"end":{"line":87,"column":6}},{"start":{"line":87,"column":60},"end":{"line":86,"column":23}}]},"9":{"loc":{"start":{"line":89,"column":4},"end":{"line":89,"column":16}},"type":"if","locations":[{"start":{"line":89,"column":4},"end":{"line":89,"column":16}},{"start":{"line":89,"column":4},"end":{"line":89,"column":16}}]},"10":{"loc":{"start":{"line":90,"column":4},"end":{"line":90,"column":13}},"type":"if","locations":[{"start":{"line":90,"column":4},"end":{"line":90,"column":13}},{"start":{"line":90,"column":4},"end":{"line":90,"column":13}}]},"11":{"loc":{"start":{"line":95,"column":6},"end":{"line":97,"column":7}},"type":"if","locations":[{"start":{"line":95,"column":6},"end":{"line":97,"column":7}},{"start":{"line":95,"column":6},"end":{"line":97,"column":7}}]},"12":{"loc":{"start":{"line":95,"column":10},"end":{"line":95,"column":9}},"type":"binary-expr","locations":[{"start":{"line":95,"column":10},"end":{"line":95,"column":9}},{"start":{"line":95,"column":31},"end":{"line":95,"column":6}}]}},"s":{"0":0,"1":0,"2":0,"3":0,"4":0,"5":0,"6":0,"7":0,"8":0,"9":0,"10":0,"11":0,"12":0,"13":0,"14":0,"15":0,"16":0,"17":0,"18":0,"19":0,"20":0,"21":0,"22":0,"23":0,"24":0,"25":0,"26":0,"27":0,"28":0,"29":0,"30":0,"31":0,"32":0,"33":0,"34":0,"35":0,"36":0,"37":0,"38":0,"39":0,"40":0,"41":0,"42":0,"43":0,"44":0,"45":0,"46":0,"47":0,"48":0,"49":0,"50":0,"51":0,"52":0,"53":0,"54":0,"55":0,"56":0,"57":0,"58":0,"59":0,"60":0,"61":0,"62":0,"63":0},"f":{"0":0,"1":0,"2":0,"3":0,"4":0,"5":0,"6":0,"7":0,"8":0,"9":0,"10":0},"b":{"0":[0,0],"1":[0,0],"2":[0,0],"3":[0,0],"4":[0,0],"5":[0,0],"6":[0,0],"7":[0,0],"8":[0,0],"9":[0,0],"10":[0,0],"11":[0,0],"12":[0,0]}}
,"/Users/tule/workspace/lambchop/src/LambChop.js": {"path":"/Users/tule/workspace/lambchop/src/LambChop.js","statementMap":{"0":{"start":{"line":1,"column":0},"end":{"line":null,"column":-1}},"1":{"start":{"line":2,"column":0},"end":{"line":null,"column":-1}},"2":{"start":{"line":16,"column":26},"end":{"line":null,"column":-1}},"3":{"start":{"line":18,"column":4},"end":{"line":null,"column":-1}},"4":{"start":{"line":19,"column":4},"end":{"line":null,"column":-1}},"5":{"start":{"line":20,"column":4},"end":{"line":null,"column":-1}},"6":{"start":{"line":21,"column":4},"end":{"line":null,"column":-1}},"7":{"start":{"line":22,"column":4},"end":{"line":null,"column":-1}},"8":{"start":{"line":23,"column":4},"end":{"line":null,"column":-1}},"9":{"start":{"line":24,"column":4},"end":{"line":null,"column":-1}},"10":{"start":{"line":28,"column":28},"end":{"line":27,"column":30}},"11":{"start":{"line":29,"column":4},"end":{"line":31,"column":5}},"12":{"start":{"line":30,"column":6},"end":{"line":null,"column":-1}}},"fnMap":{"0":{"name":"LambChop","decl":{"start":{"line":16,"column":2},"end":{"line":16,"column":13}},"loc":{"start":{"line":16,"column":26},"end":{"line":25,"column":3}}}},"branchMap":{"0":{"loc":{"start":{"line":16,"column":26},"end":{"line":17,"column":9}},"type":"binary-expr","locations":[{"start":{"line":16,"column":26},"end":{"line":17,"column":9}},{"start":{"line":16,"column":26},"end":{"line":17,"column":9}}]},"1":{"loc":{"start":{"line":29,"column":4},"end":{"line":31,"column":5}},"type":"if","locations":[{"start":{"line":29,"column":4},"end":{"line":31,"column":5}},{"start":{"line":29,"column":4},"end":{"line":31,"column":5}}]}},"s":{"0":0,"1":0,"2":0,"3":0,"4":0,"5":0,"6":0,"7":0,"8":0,"9":0,"10":0,"11":0,"12":0},"f":{"0":0},"b":{"0":[0,0],"1":[0,0]}}
,"/Users/tule/workspace/lambchop/src/LambChopStatic/index.js": {"path":"/Users/tule/workspace/lambchop/src/LambChopStatic/index.js","statementMap":{"0":{"start":{"line":1,"column":0},"end":{"line":null,"column":-1}},"1":{"start":{"line":2,"column":0},"end":{"line":null,"column":-1}},"2":{"start":{"line":3,"column":0},"end":{"line":null,"column":-1}},"3":{"start":{"line":4,"column":0},"end":{"line":null,"column":-1}},"4":{"start":{"line":5,"column":0},"end":{"line":null,"column":-1}},"5":{"start":{"line":6,"column":0},"end":{"line":null,"column":-1}},"6":{"start":{"line":7,"column":0},"end":{"line":null,"column":-1}},"7":{"start":{"line":9,"column":19},"end":{"line":9,"column":0}},"8":{"start":{"line":10,"column":20},"end":{"line":10,"column":0}},"9":{"start":{"line":12,"column":30},"end":{"line":12,"column":0}},"10":{"start":{"line":37,"column":26},"end":{"line":null,"column":-1}},"11":{"start":{"line":39,"column":4},"end":{"line":null,"column":-1}},"12":{"start":{"line":40,"column":4},"end":{"line":null,"column":-1}},"13":{"start":{"line":44,"column":4},"end":{"line":null,"column":-1}},"14":{"start":{"line":45,"column":4},"end":{"line":null,"column":-1}},"15":{"start":{"line":49,"column":4},"end":{"line":null,"column":-1}},"16":{"start":{"line":50,"column":4},"end":{"line":null,"column":-1}},"17":{"start":{"line":51,"column":4},"end":{"line":null,"column":-1}},"18":{"start":{"line":55,"column":4},"end":{"line":null,"column":-1}},"19":{"start":{"line":56,"column":4},"end":{"line":null,"column":-1}},"20":{"start":{"line":59,"column":8},"end":{"line":null,"column":-1}},"21":{"start":{"line":60,"column":4},"end":{"line":null,"column":-1}},"22":{"start":{"line":61,"column":29},"end":{"line":60,"column":37}},"23":{"start":{"line":62,"column":31},"end":{"line":60,"column":37}},"24":{"start":{"line":63,"column":57},"end":{"line":60,"column":37}},"25":{"start":{"line":64,"column":42},"end":{"line":60,"column":37}},"26":{"start":{"line":67,"column":6},"end":{"line":null,"column":-1}},"27":{"start":{"line":70,"column":6},"end":{"line":null,"column":-1}},"28":{"start":{"line":71,"column":6},"end":{"line":null,"column":-1}},"29":{"start":{"line":74,"column":25},"end":{"line":74,"column":6}},"30":{"start":{"line":75,"column":32},"end":{"line":75,"column":6}},"31":{"start":{"line":75,"column":47},"end":{"line":null,"column":-1}},"32":{"start":{"line":84,"column":6},"end":{"line":null,"column":-1}},"33":{"start":{"line":87,"column":6},"end":{"line":92,"column":7}},"34":{"start":{"line":88,"column":8},"end":{"line":null,"column":-1}},"35":{"start":{"line":89,"column":8},"end":{"line":null,"column":-1}},"36":{"start":{"line":91,"column":8},"end":{"line":null,"column":-1}},"37":{"start":{"line":91,"column":19},"end":{"line":null,"column":-1}}},"fnMap":{"0":{"name":"LambChopStatic","decl":{"start":{"line":37,"column":2},"end":{"line":37,"column":13}},"loc":{"start":{"line":37,"column":26},"end":{"line":41,"column":3}}},"1":{"name":"(anonymous_23)","decl":{"start":{"line":60,"column":4},"end":{"line":null,"column":-1}},"loc":{"start":{"line":60,"column":4},"end":{"line":null,"column":-1}}},"2":{"name":"(anonymous_24)","decl":{"start":{"line":60,"column":11},"end":{"line":60,"column":17}},"loc":{"start":{"line":60,"column":37},"end":{"line":60,"column":4}}},"3":{"name":"(anonymous_25)","decl":{"start":{"line":75,"column":47},"end":{"line":null,"column":-1}},"loc":{"start":{"line":75,"column":47},"end":{"line":75,"column":32}}},"4":{"name":"(anonymous_26)","decl":{"start":{"line":91,"column":19},"end":{"line":null,"column":-1}},"loc":{"start":{"line":91,"column":19},"end":{"line":91,"column":8}}}},"branchMap":{"0":{"loc":{"start":{"line":37,"column":26},"end":{"line":38,"column":9}},"type":"binary-expr","locations":[{"start":{"line":37,"column":26},"end":{"line":38,"column":9}},{"start":{"line":37,"column":26},"end":{"line":38,"column":9}}]},"1":{"loc":{"start":{"line":44,"column":30},"end":{"line":44,"column":45}},"type":"binary-expr","locations":[{"start":{"line":44,"column":30},"end":{"line":44,"column":45}},{"start":{"line":44,"column":46},"end":{"line":44,"column":19}}]}},"s":{"0":0,"1":0,"2":0,"3":0,"4":0,"5":0,"6":0,"7":0,"8":0,"9":0,"10":0,"11":0,"12":0,"13":0,"14":0,"15":0,"16":0,"17":0,"18":0,"19":0,"20":0,"21":0,"22":0,"23":0,"24":0,"25":0,"26":0,"27":0,"28":0,"29":0,"30":0,"31":0,"32":0,"33":0,"34":0,"35":0,"36":0,"37":0},"f":{"0":0,"1":0,"2":0,"3":0,"4":0},"b":{"0":[0,0],"1":[0,0]}}
,"/Users/tule/workspace/lambchop/src/LambChopStatic/LambChopStaticWorker/index.js": {"path":"/Users/tule/workspace/lambchop/src/LambChopStatic/LambChopStaticWorker/index.js","statementMap":{"0":{"start":{"line":1,"column":0},"end":{"line":null,"column":-1}},"1":{"start":{"line":2,"column":0},"end":{"line":null,"column":-1}},"2":{"start":{"line":3,"column":0},"end":{"line":null,"column":-1}},"3":{"start":{"line":4,"column":0},"end":{"line":null,"column":-1}},"4":{"start":{"line":5,"column":0},"end":{"line":null,"column":-1}},"5":{"start":{"line":6,"column":0},"end":{"line":null,"column":-1}},"6":{"start":{"line":8,"column":15},"end":{"line":null,"column":-1}},"7":{"start":{"line":9,"column":71},"end":{"line":8,"column":69}},"8":{"start":{"line":10,"column":17},"end":{"line":8,"column":69}},"9":{"start":{"line":11,"column":2},"end":{"line":23,"column":3}},"10":{"start":{"line":12,"column":29},"end":{"line":12,"column":4}},"11":{"start":{"line":13,"column":4},"end":{"line":null,"column":-1}},"12":{"start":{"line":18,"column":4},"end":{"line":null,"column":-1}},"13":{"start":{"line":19,"column":4},"end":{"line":null,"column":-1}},"14":{"start":{"line":21,"column":4},"end":{"line":null,"column":-1}},"15":{"start":{"line":22,"column":4},"end":{"line":null,"column":-1}}},"fnMap":{"0":{"name":"(anonymous_8)","decl":{"start":{"line":8,"column":15},"end":{"line":null,"column":-1}},"loc":{"start":{"line":8,"column":15},"end":{"line":null,"column":-1}}},"1":{"name":"(anonymous_9)","decl":{"start":{"line":8,"column":29},"end":{"line":8,"column":35}},"loc":{"start":{"line":8,"column":69},"end":{"line":8,"column":15}}}},"branchMap":{},"s":{"0":0,"1":0,"2":0,"3":0,"4":0,"5":0,"6":0,"7":0,"8":0,"9":0,"10":0,"11":0,"12":0,"13":0,"14":0,"15":0},"f":{"0":0,"1":0},"b":{}}
,"/Users/tule/workspace/lambchop/src/LambChopStatic/LambChopStaticWorker/utils/createStaticFile.js": {"path":"/Users/tule/workspace/lambchop/src/LambChopStatic/LambChopStaticWorker/utils/createStaticFile.js","statementMap":{"0":{"start":{"line":1,"column":0},"end":{"line":null,"column":-1}},"1":{"start":{"line":2,"column":0},"end":{"line":null,"column":-1}},"2":{"start":{"line":3,"column":0},"end":{"line":null,"column":-1}},"3":{"start":{"line":9,"column":6},"end":{"line":9,"column":5}},"4":{"start":{"line":10,"column":17},"end":{"line":9,"column":6}},"5":{"start":{"line":11,"column":17},"end":{"line":11,"column":2}},"6":{"start":{"line":12,"column":2},"end":{"line":17,"column":3}},"7":{"start":{"line":13,"column":4},"end":{"line":null,"column":-1}},"8":{"start":{"line":14,"column":4},"end":{"line":null,"column":-1}},"9":{"start":{"line":16,"column":4},"end":{"line":null,"column":-1}}},"fnMap":{},"branchMap":{"0":{"loc":{"start":{"line":12,"column":2},"end":{"line":17,"column":3}},"type":"if","locations":[{"start":{"line":12,"column":2},"end":{"line":17,"column":3}},{"start":{"line":12,"column":2},"end":{"line":17,"column":3}}]}},"s":{"0":0,"1":0,"2":0,"3":0,"4":0,"5":0,"6":0,"7":0,"8":0,"9":0},"f":{},"b":{"0":[0,0]}}
,"/Users/tule/workspace/lambchop/src/LambChopStatic/LambChopStaticWorker/utils/getWorker.js": {"path":"/Users/tule/workspace/lambchop/src/LambChopStatic/LambChopStaticWorker/utils/getWorker.js","statementMap":{"0":{"start":{"line":1,"column":0},"end":{"line":null,"column":-1}},"1":{"start":{"line":4,"column":17},"end":{"line":4,"column":2}},"2":{"start":{"line":5,"column":2},"end":{"line":null,"column":-1}},"3":{"start":{"line":6,"column":2},"end":{"line":null,"column":-1}},"4":{"start":{"line":7,"column":4},"end":{"line":null,"column":-1}},"5":{"start":{"line":8,"column":4},"end":{"line":null,"column":-1}},"6":{"start":{"line":10,"column":2},"end":{"line":null,"column":-1}},"7":{"start":{"line":11,"column":2},"end":{"line":null,"column":-1}},"8":{"start":{"line":12,"column":2},"end":{"line":null,"column":-1}},"9":{"start":{"line":14,"column":2},"end":{"line":null,"column":-1}}},"fnMap":{"0":{"name":"(anonymous_2)","decl":{"start":{"line":6,"column":39},"end":{"line":6,"column":39}},"loc":{"start":{"line":6,"column":59},"end":{"line":6,"column":2}}}},"branchMap":{},"s":{"0":0,"1":0,"2":0,"3":0,"4":0,"5":0,"6":0,"7":0,"8":0,"9":0},"f":{"0":0},"b":{}}
,"/Users/tule/workspace/lambchop/src/LambChopStatic/LambChopStaticWorker/utils/handleError.js": {"path":"/Users/tule/workspace/lambchop/src/LambChopStatic/LambChopStaticWorker/utils/handleError.js","statementMap":{"0":{"start":{"line":2,"column":8},"end":{"line":2,"column":2}},"1":{"start":{"line":3,"column":2},"end":{"line":null,"column":-1}},"2":{"start":{"line":4,"column":2},"end":{"line":null,"column":-1}}},"fnMap":{},"branchMap":{},"s":{"0":0,"1":0,"2":0},"f":{},"b":{}}
,"/Users/tule/workspace/lambchop/src/LambChopStatic/LambChopStaticWorker/utils/handleSuccess.js": {"path":"/Users/tule/workspace/lambchop/src/LambChopStatic/LambChopStaticWorker/utils/handleSuccess.js","statementMap":{"0":{"start":{"line":2,"column":8},"end":{"line":2,"column":2}},"1":{"start":{"line":3,"column":2},"end":{"line":null,"column":-1}},"2":{"start":{"line":4,"column":2},"end":{"line":null,"column":-1}}},"fnMap":{},"branchMap":{},"s":{"0":0,"1":0,"2":0},"f":{},"b":{}}
,"/Users/tule/workspace/lambchop/src/LambChopStatic/LambChopStaticWorker/utils/logError.js": {"path":"/Users/tule/workspace/lambchop/src/LambChopStatic/LambChopStaticWorker/utils/logError.js","statementMap":{"0":{"start":{"line":1,"column":0},"end":{"line":null,"column":-1}},"1":{"start":{"line":4,"column":8},"end":{"line":4,"column":2}},"2":{"start":{"line":8,"column":2},"end":{"line":null,"column":-1}}},"fnMap":{},"branchMap":{},"s":{"0":0,"1":0,"2":0},"f":{},"b":{}}
,"/Users/tule/workspace/lambchop/src/LambChopStatic/LambChopStaticWorker/utils/logSuccess.js": {"path":"/Users/tule/workspace/lambchop/src/LambChopStatic/LambChopStaticWorker/utils/logSuccess.js","statementMap":{"0":{"start":{"line":1,"column":0},"end":{"line":null,"column":-1}},"1":{"start":{"line":4,"column":8},"end":{"line":4,"column":2}},"2":{"start":{"line":5,"column":2},"end":{"line":null,"column":-1}}},"fnMap":{},"branchMap":{},"s":{"0":0,"1":0,"2":0},"f":{},"b":{}}
,"/Users/tule/workspace/lambchop/src/LambChopStatic/utils/createFolders.js": {"path":"/Users/tule/workspace/lambchop/src/LambChopStatic/utils/createFolders.js","statementMap":{"0":{"start":{"line":1,"column":0},"end":{"line":null,"column":-1}},"1":{"start":{"line":4,"column":2},"end":{"line":null,"column":-1}},"2":{"start":{"line":5,"column":2},"end":{"line":null,"column":-1}},"3":{"start":{"line":6,"column":2},"end":{"line":null,"column":-1}},"4":{"start":{"line":7,"column":2},"end":{"line":null,"column":-1}},"5":{"start":{"line":8,"column":2},"end":{"line":null,"column":-1}},"6":{"start":{"line":9,"column":2},"end":{"line":null,"column":-1}}},"fnMap":{},"branchMap":{},"s":{"0":0,"1":0,"2":0,"3":0,"4":0,"5":0,"6":0},"f":{},"b":{}}
,"/Users/tule/workspace/lambchop/src/LambChopStatic/utils/logError.js": {"path":"/Users/tule/workspace/lambchop/src/LambChopStatic/utils/logError.js","statementMap":{"0":{"start":{"line":1,"column":0},"end":{"line":null,"column":-1}},"1":{"start":{"line":4,"column":2},"end":{"line":null,"column":-1}},"2":{"start":{"line":5,"column":2},"end":{"line":null,"column":-1}},"3":{"start":{"line":11,"column":2},"end":{"line":null,"column":-1}}},"fnMap":{},"branchMap":{},"s":{"0":0,"1":0,"2":0,"3":0},"f":{},"b":{}}
,"/Users/tule/workspace/lambchop/src/LambChopStatic/utils/logResult.js": {"path":"/Users/tule/workspace/lambchop/src/LambChopStatic/utils/logResult.js","statementMap":{"0":{"start":{"line":1,"column":0},"end":{"line":null,"column":-1}},"1":{"start":{"line":4,"column":20},"end":{"line":4,"column":2}},"2":{"start":{"line":5,"column":20},"end":{"line":5,"column":2}},"3":{"start":{"line":6,"column":8},"end":{"line":6,"column":2}},"4":{"start":{"line":7,"column":2},"end":{"line":null,"column":-1}},"5":{"start":{"line":8,"column":2},"end":{"line":null,"column":-1}}},"fnMap":{},"branchMap":{},"s":{"0":0,"1":0,"2":0,"3":0,"4":0,"5":0},"f":{},"b":{}}
,"/Users/tule/workspace/lambchop/src/LambChopStatic/utils/logSuccess.js": {"path":"/Users/tule/workspace/lambchop/src/LambChopStatic/utils/logSuccess.js","statementMap":{"0":{"start":{"line":2,"column":2},"end":{"line":null,"column":-1}}},"fnMap":{},"branchMap":{},"s":{"0":0},"f":{},"b":{}}
,"/Users/tule/workspace/lambchop/src/LambChopStatic/utils/printSuccess.js": {"path":"/Users/tule/workspace/lambchop/src/LambChopStatic/utils/printSuccess.js","statementMap":{"0":{"start":{"line":2,"column":2},"end":{"line":null,"column":-1}}},"fnMap":{},"branchMap":{},"s":{"0":0},"f":{},"b":{}}
,"/Users/tule/workspace/lambchop/src/helpers/getCacheClient.js": {"path":"/Users/tule/workspace/lambchop/src/helpers/getCacheClient.js","statementMap":{"0":{"start":{"line":10,"column":23},"end":{"line":15,"column":1}},"1":{"start":{"line":11,"column":29},"end":{"line":11,"column":35}},"2":{"start":{"line":12,"column":2},"end":{"line":14,"column":19}}},"fnMap":{"0":{"name":"(anonymous_0)","decl":{"start":{"line":10,"column":23},"end":{"line":10,"column":24}},"loc":{"start":{"line":10,"column":35},"end":{"line":15,"column":1}},"line":10}},"branchMap":{},"s":{"0":1,"1":2,"2":2},"f":{"0":2},"b":{},"_coverageSchema":"332fd63041d2c1bcb487cc26dd0d5f7d97098a6c","hash":"3972738786dc62104800bf307c7313f8cfb472eb"}
,"/Users/tule/workspace/lambchop/src/helpers/getHtml.js": {"path":"/Users/tule/workspace/lambchop/src/helpers/getHtml.js","statementMap":{"0":{"start":{"line":14,"column":16},"end":{"line":76,"column":1}},"1":{"start":{"line":17,"column":45},"end":{"line":17,"column":55}},"2":{"start":{"line":18,"column":70},"end":{"line":18,"column":80}},"3":{"start":{"line":19,"column":2},"end":{"line":22,"column":4}},"4":{"start":{"line":25,"column":2},"end":{"line":28,"column":3}},"5":{"start":{"line":26,"column":4},"end":{"line":26,"column":27}},"6":{"start":{"line":27,"column":4},"end":{"line":27,"column":32}},"7":{"start":{"line":35,"column":6},"end":{"line":35,"column":22}},"8":{"start":{"line":38,"column":2},"end":{"line":40,"column":3}},"9":{"start":{"line":39,"column":4},"end":{"line":39,"column":31}},"10":{"start":{"line":42,"column":19},"end":{"line":42,"column":22}},"11":{"start":{"line":43,"column":39},"end":{"line":43,"column":47}},"12":{"start":{"line":45,"column":13},"end":{"line":45,"column":17}},"13":{"start":{"line":48,"column":2},"end":{"line":73,"column":3}},"14":{"start":{"line":49,"column":4},"end":{"line":69,"column":7}},"15":{"start":{"line":70,"column":4},"end":{"line":70,"column":28}},"16":{"start":{"line":72,"column":4},"end":{"line":72,"column":29}},"17":{"start":{"line":75,"column":2},"end":{"line":75,"column":14}}},"fnMap":{"0":{"name":"(anonymous_0)","decl":{"start":{"line":14,"column":16},"end":{"line":14,"column":17}},"loc":{"start":{"line":16,"column":6},"end":{"line":76,"column":1}},"line":16}},"branchMap":{"0":{"loc":{"start":{"line":18,"column":8},"end":{"line":18,"column":65}},"type":"default-arg","locations":[{"start":{"line":18,"column":24},"end":{"line":18,"column":65}}],"line":18},"1":{"loc":{"start":{"line":21,"column":18},"end":{"line":21,"column":71}},"type":"binary-expr","locations":[{"start":{"line":21,"column":18},"end":{"line":21,"column":44}},{"start":{"line":21,"column":48},"end":{"line":21,"column":71}}],"line":21},"2":{"loc":{"start":{"line":25,"column":2},"end":{"line":28,"column":3}},"type":"if","locations":[{"start":{"line":25,"column":2},"end":{"line":28,"column":3}},{"start":{"line":25,"column":2},"end":{"line":28,"column":3}}],"line":25},"3":{"loc":{"start":{"line":32,"column":21},"end":{"line":32,"column":34}},"type":"default-arg","locations":[{"start":{"line":32,"column":32},"end":{"line":32,"column":34}}],"line":32},"4":{"loc":{"start":{"line":33,"column":4},"end":{"line":33,"column":29}},"type":"default-arg","locations":[{"start":{"line":33,"column":21},"end":{"line":33,"column":29}}],"line":33},"5":{"loc":{"start":{"line":34,"column":13},"end":{"line":34,"column":34}},"type":"default-arg","locations":[{"start":{"line":34,"column":32},"end":{"line":34,"column":34}}],"line":34},"6":{"loc":{"start":{"line":34,"column":36},"end":{"line":34,"column":54}},"type":"default-arg","locations":[{"start":{"line":34,"column":52},"end":{"line":34,"column":54}}],"line":34},"7":{"loc":{"start":{"line":34,"column":56},"end":{"line":34,"column":72}},"type":"default-arg","locations":[{"start":{"line":34,"column":70},"end":{"line":34,"column":72}}],"line":34},"8":{"loc":{"start":{"line":38,"column":2},"end":{"line":40,"column":3}},"type":"if","locations":[{"start":{"line":38,"column":2},"end":{"line":40,"column":3}},{"start":{"line":38,"column":2},"end":{"line":40,"column":3}}],"line":38},"9":{"loc":{"start":{"line":43,"column":10},"end":{"line":43,"column":34}},"type":"default-arg","locations":[{"start":{"line":43,"column":32},"end":{"line":43,"column":34}}],"line":43},"10":{"loc":{"start":{"line":48,"column":2},"end":{"line":73,"column":3}},"type":"if","locations":[{"start":{"line":48,"column":2},"end":{"line":73,"column":3}},{"start":{"line":48,"column":2},"end":{"line":73,"column":3}}],"line":48},"11":{"loc":{"start":{"line":55,"column":18},"end":{"line":55,"column":66}},"type":"binary-expr","locations":[{"start":{"line":55,"column":18},"end":{"line":55,"column":40}},{"start":{"line":55,"column":44},"end":{"line":55,"column":66}}],"line":55},"12":{"loc":{"start":{"line":56,"column":21},"end":{"line":56,"column":93}},"type":"binary-expr","locations":[{"start":{"line":56,"column":21},"end":{"line":56,"column":46}},{"start":{"line":56,"column":50},"end":{"line":56,"column":93}}],"line":56},"13":{"loc":{"start":{"line":57,"column":19},"end":{"line":57,"column":67}},"type":"binary-expr","locations":[{"start":{"line":57,"column":19},"end":{"line":57,"column":42}},{"start":{"line":57,"column":46},"end":{"line":57,"column":67}}],"line":57},"14":{"loc":{"start":{"line":58,"column":22},"end":{"line":58,"column":94}},"type":"cond-expr","locations":[{"start":{"line":58,"column":63},"end":{"line":58,"column":65}},{"start":{"line":58,"column":68},"end":{"line":58,"column":94}}],"line":58},"15":{"loc":{"start":{"line":64,"column":24},"end":{"line":64,"column":61}},"type":"cond-expr","locations":[{"start":{"line":64,"column":50},"end":{"line":64,"column":54}},{"start":{"line":64,"column":57},"end":{"line":64,"column":61}}],"line":64},"16":{"loc":{"start":{"line":65,"column":28},"end":{"line":65,"column":59}},"type":"binary-expr","locations":[{"start":{"line":65,"column":28},"end":{"line":65,"column":51}},{"start":{"line":65,"column":55},"end":{"line":65,"column":59}}],"line":65}},"s":{"0":1,"1":2,"2":2,"3":2,"4":2,"5":2,"6":2,"7":2,"8":2,"9":2,"10":2,"11":2,"12":2,"13":2,"14":2,"15":2,"16":0,"17":2},"f":{"0":2},"b":{"0":[0],"1":[2,0],"2":[2,0],"3":[0],"4":[0],"5":[2],"6":[0],"7":[0],"8":[2,0],"9":[2],"10":[2,0],"11":[2,0],"12":[2,0],"13":[2,0],"14":[2,0],"15":[2,0],"16":[2,0]},"_coverageSchema":"332fd63041d2c1bcb487cc26dd0d5f7d97098a6c","hash":"9956fab04524d8d7a51a0037a8b1caf54d42ede2"}
,"/Users/tule/workspace/lambchop/src/helpers/renderApiError.js": {"path":"/Users/tule/workspace/lambchop/src/helpers/renderApiError.js","statementMap":{"0":{"start":{"line":9,"column":23},"end":{"line":9,"column":0}},"1":{"start":{"line":9,"column":23},"end":{"line":null,"column":-1}},"2":{"start":{"line":10,"column":14},"end":{"line":10,"column":1}},"3":{"start":{"line":11,"column":1},"end":{"line":14,"column":2}},"4":{"start":{"line":12,"column":25},"end":{"line":11,"column":21}},"5":{"start":{"line":13,"column":2},"end":{"line":null,"column":-1}},"6":{"start":{"line":16,"column":1},"end":{"line":null,"column":-1}},"7":{"start":{"line":17,"column":1},"end":{"line":null,"column":-1}}},"fnMap":{"0":{"name":"renderApiError","decl":{"start":{"line":9,"column":6},"end":{"line":9,"column":23}},"loc":{"start":{"line":9,"column":23},"end":{"line":9,"column":0}}},"1":{"name":"(anonymous_1)","decl":{"start":{"line":9,"column":29},"end":{"line":9,"column":29}},"loc":{"start":{"line":9,"column":56},"end":{"line":9,"column":23}}}},"branchMap":{"0":{"loc":{"start":{"line":11,"column":1},"end":{"line":14,"column":2}},"type":"if","locations":[{"start":{"line":11,"column":1},"end":{"line":14,"column":2}},{"start":{"line":11,"column":1},"end":{"line":14,"column":2}}]},"1":{"loc":{"start":{"line":13,"column":11},"end":{"line":13,"column":24}},"type":"binary-expr","locations":[{"start":{"line":13,"column":11},"end":{"line":13,"column":24}},{"start":{"line":13,"column":25},"end":{"line":13,"column":2}}]}},"s":{"0":0,"1":0,"2":0,"3":0,"4":0,"5":0,"6":0,"7":0},"f":{"0":0,"1":0},"b":{"0":[0,0],"1":[0,0]}}
,"/Users/tule/workspace/lambchop/src/helpers/renderHtmlError.js": {"path":"/Users/tule/workspace/lambchop/src/helpers/renderHtmlError.js","statementMap":{"0":{"start":{"line":13,"column":24},"end":{"line":33,"column":1}},"1":{"start":{"line":13,"column":38},"end":{"line":33,"column":1}},"2":{"start":{"line":14,"column":15},"end":{"line":14,"column":18}},"3":{"start":{"line":15,"column":2},"end":{"line":18,"column":3}},"4":{"start":{"line":16,"column":27},"end":{"line":16,"column":41}},"5":{"start":{"line":17,"column":4},"end":{"line":17,"column":31}},"6":{"start":{"line":20,"column":16},"end":{"line":23,"column":22}},"7":{"start":{"line":21,"column":14},"end":{"line":21,"column":28}},"8":{"start":{"line":21,"column":36},"end":{"line":21,"column":89}},"9":{"start":{"line":22,"column":14},"end":{"line":22,"column":28}},"10":{"start":{"line":22,"column":36},"end":{"line":22,"column":91}},"11":{"start":{"line":23,"column":19},"end":{"line":23,"column":21}},"12":{"start":{"line":25,"column":15},"end":{"line":27,"column":4}},"13":{"start":{"line":28,"column":2},"end":{"line":28,"column":42}},"14":{"start":{"line":29,"column":2},"end":{"line":29,"column":33}},"15":{"start":{"line":31,"column":2},"end":{"line":31,"column":9}},"16":{"start":{"line":32,"column":2},"end":{"line":32,"column":39}}},"fnMap":{"0":{"name":"(anonymous_0)","decl":{"start":{"line":13,"column":24},"end":{"line":13,"column":25}},"loc":{"start":{"line":13,"column":38},"end":{"line":33,"column":1}},"line":13},"1":{"name":"(anonymous_1)","decl":{"start":{"line":13,"column":38},"end":{"line":13,"column":39}},"loc":{"start":{"line":13,"column":65},"end":{"line":33,"column":1}},"line":13},"2":{"name":"(anonymous_2)","decl":{"start":{"line":21,"column":8},"end":{"line":21,"column":9}},"loc":{"start":{"line":21,"column":14},"end":{"line":21,"column":28}},"line":21},"3":{"name":"(anonymous_3)","decl":{"start":{"line":21,"column":30},"end":{"line":21,"column":31}},"loc":{"start":{"line":21,"column":36},"end":{"line":21,"column":89}},"line":21},"4":{"name":"(anonymous_4)","decl":{"start":{"line":22,"column":8},"end":{"line":22,"column":9}},"loc":{"start":{"line":22,"column":14},"end":{"line":22,"column":28}},"line":22},"5":{"name":"(anonymous_5)","decl":{"start":{"line":22,"column":30},"end":{"line":22,"column":31}},"loc":{"start":{"line":22,"column":36},"end":{"line":22,"column":91}},"line":22},"6":{"name":"(anonymous_6)","decl":{"start":{"line":23,"column":13},"end":{"line":23,"column":14}},"loc":{"start":{"line":23,"column":19},"end":{"line":23,"column":21}},"line":23}},"branchMap":{"0":{"loc":{"start":{"line":15,"column":2},"end":{"line":18,"column":3}},"type":"if","locations":[{"start":{"line":15,"column":2},"end":{"line":18,"column":3}},{"start":{"line":15,"column":2},"end":{"line":18,"column":3}}],"line":15},"1":{"loc":{"start":{"line":17,"column":13},"end":{"line":17,"column":30}},"type":"binary-expr","locations":[{"start":{"line":17,"column":13},"end":{"line":17,"column":23}},{"start":{"line":17,"column":27},"end":{"line":17,"column":30}}],"line":17}},"s":{"0":1,"1":2,"2":2,"3":2,"4":2,"5":2,"6":2,"7":2,"8":1,"9":1,"10":1,"11":0,"12":2,"13":2,"14":2,"15":2,"16":2},"f":{"0":2,"1":2,"2":2,"3":1,"4":1,"5":1,"6":0},"b":{"0":[2,0],"1":[2,0]},"_coverageSchema":"332fd63041d2c1bcb487cc26dd0d5f7d97098a6c","hash":"4fce66cabccbd8dba32853276a20bf6999ca989a"}
,"/Users/tule/workspace/lambchop/src/helpers/renderHtmlPage.js": {"path":"/Users/tule/workspace/lambchop/src/helpers/renderHtmlPage.js","statementMap":{"0":{"start":{"line":1,"column":0},"end":{"line":null,"column":-1}},"1":{"start":{"line":10,"column":23},"end":{"line":10,"column":0}},"2":{"start":{"line":10,"column":23},"end":{"line":null,"column":-1}},"3":{"start":{"line":11,"column":15},"end":{"line":11,"column":2}},"4":{"start":{"line":12,"column":2},"end":{"line":null,"column":-1}},"5":{"start":{"line":13,"column":2},"end":{"line":null,"column":-1}},"6":{"start":{"line":14,"column":2},"end":{"line":null,"column":-1}}},"fnMap":{"0":{"name":"renderHtmlPage","decl":{"start":{"line":10,"column":6},"end":{"line":10,"column":23}},"loc":{"start":{"line":10,"column":23},"end":{"line":10,"column":0}}},"1":{"name":"(anonymous_2)","decl":{"start":{"line":10,"column":37},"end":{"line":10,"column":37}},"loc":{"start":{"line":10,"column":51},"end":{"line":10,"column":23}}}},"branchMap":{},"s":{"0":0,"1":0,"2":0,"3":0,"4":0,"5":0,"6":0},"f":{"0":0,"1":0},"b":{}}
,"/Users/tule/workspace/lambchop/universal-rendering/reactHydrator.js": {"path":"/Users/tule/workspace/lambchop/universal-rendering/reactHydrator.js","statementMap":{"0":{"start":{"line":23,"column":22},"end":{"line":59,"column":1}},"1":{"start":{"line":29,"column":6},"end":{"line":29,"column":13}},"2":{"start":{"line":28,"column":36},"end":{"line":28,"column":45}},"3":{"start":{"line":31,"column":19},"end":{"line":39,"column":3}},"4":{"start":{"line":32,"column":4},"end":{"line":36,"column":6}},"5":{"start":{"line":38,"column":4},"end":{"line":38,"column":79}},"6":{"start":{"line":38,"column":32},"end":{"line":38,"column":77}},"7":{"start":{"line":45,"column":33},"end":{"line":50,"column":3}},"8":{"start":{"line":46,"column":4},"end":{"line":49,"column":5}},"9":{"start":{"line":47,"column":6},"end":{"line":47,"column":37}},"10":{"start":{"line":48,"column":6},"end":{"line":48,"column":17}},"11":{"start":{"line":52,"column":2},"end":{"line":58,"column":3}},"12":{"start":{"line":54,"column":4},"end":{"line":54,"column":15}},"13":{"start":{"line":57,"column":4},"end":{"line":57,"column":62}}},"fnMap":{"0":{"name":"(anonymous_0)","decl":{"start":{"line":23,"column":22},"end":{"line":23,"column":23}},"loc":{"start":{"line":23,"column":52},"end":{"line":59,"column":1}},"line":23},"1":{"name":"(anonymous_1)","decl":{"start":{"line":28,"column":30},"end":{"line":28,"column":31}},"loc":{"start":{"line":28,"column":36},"end":{"line":28,"column":45}},"line":28},"2":{"name":"(anonymous_2)","decl":{"start":{"line":31,"column":19},"end":{"line":31,"column":20}},"loc":{"start":{"line":31,"column":25},"end":{"line":39,"column":3}},"line":31},"3":{"name":"(anonymous_3)","decl":{"start":{"line":45,"column":33},"end":{"line":45,"column":34}},"loc":{"start":{"line":45,"column":39},"end":{"line":50,"column":3}},"line":45}},"branchMap":{"0":{"loc":{"start":{"line":23,"column":35},"end":{"line":23,"column":47}},"type":"default-arg","locations":[{"start":{"line":23,"column":45},"end":{"line":23,"column":47}}],"line":23},"1":{"loc":{"start":{"line":25,"column":4},"end":{"line":25,"column":33}},"type":"default-arg","locations":[{"start":{"line":25,"column":27},"end":{"line":25,"column":33}}],"line":25},"2":{"loc":{"start":{"line":26,"column":4},"end":{"line":26,"column":31}},"type":"default-arg","locations":[{"start":{"line":26,"column":27},"end":{"line":26,"column":31}}],"line":26},"3":{"loc":{"start":{"line":28,"column":4},"end":{"line":28,"column":45}},"type":"default-arg","locations":[{"start":{"line":28,"column":30},"end":{"line":28,"column":45}}],"line":28},"4":{"loc":{"start":{"line":38,"column":4},"end":{"line":38,"column":79}},"type":"if","locations":[{"start":{"line":38,"column":4},"end":{"line":38,"column":79}},{"start":{"line":38,"column":4},"end":{"line":38,"column":79}}],"line":38},"5":{"loc":{"start":{"line":46,"column":4},"end":{"line":49,"column":5}},"type":"if","locations":[{"start":{"line":46,"column":4},"end":{"line":49,"column":5}},{"start":{"line":46,"column":4},"end":{"line":49,"column":5}}],"line":46},"6":{"loc":{"start":{"line":52,"column":2},"end":{"line":58,"column":3}},"type":"if","locations":[{"start":{"line":52,"column":2},"end":{"line":58,"column":3}},{"start":{"line":52,"column":2},"end":{"line":58,"column":3}}],"line":52}},"s":{"0":1,"1":1,"2":0,"3":1,"4":1,"5":0,"6":0,"7":1,"8":0,"9":0,"10":0,"11":1,"12":1,"13":0},"f":{"0":1,"1":0,"2":1,"3":0},"b":{"0":[1],"1":[1],"2":[1],"3":[1],"4":[0,0],"5":[0,0],"6":[1,0]},"_coverageSchema":"332fd63041d2c1bcb487cc26dd0d5f7d97098a6c","hash":"6c5b66b567abb176e182b08045731bca0a47b320"}
,"/Users/tule/workspace/lambchop/universal-rendering/reactServerSideRender.js": {"path":"/Users/tule/workspace/lambchop/universal-rendering/reactServerSideRender.js","statementMap":{"0":{"start":{"line":11,"column":30},"end":{"line":87,"column":1}},"1":{"start":{"line":72,"column":6},"end":{"line":72,"column":10}},"2":{"start":{"line":73,"column":18},"end":{"line":73,"column":40}},"3":{"start":{"line":74,"column":20},"end":{"line":74,"column":66}},"4":{"start":{"line":75,"column":17},"end":{"line":75,"column":39}},"5":{"start":{"line":76,"column":24},"end":{"line":78,"column":10}},"6":{"start":{"line":80,"column":2},"end":{"line":86,"column":4}}},"fnMap":{"0":{"name":"(anonymous_0)","decl":{"start":{"line":11,"column":30},"end":{"line":11,"column":31}},"loc":{"start":{"line":11,"column":40},"end":{"line":87,"column":1}},"line":11}},"branchMap":{},"s":{"0":2,"1":5,"2":5,"3":5,"4":5,"5":5,"6":5},"f":{"0":5},"b":{},"_coverageSchema":"332fd63041d2c1bcb487cc26dd0d5f7d97098a6c","hash":"6bb91739a6f1bfff23c3eb7dae9eb6cba3caa2c2"}
,"/Users/tule/workspace/lambchop/universal-rendering/analytics/ga.js": {"path":"/Users/tule/workspace/lambchop/universal-rendering/analytics/ga.js","statementMap":{"0":{"start":{"line":8,"column":26},"end":{"line":19,"column":7}},"1":{"start":{"line":8,"column":63},"end":{"line":19,"column":6}}},"fnMap":{"0":{"name":"(anonymous_0)","decl":{"start":{"line":8,"column":26},"end":{"line":8,"column":27}},"loc":{"start":{"line":8,"column":63},"end":{"line":19,"column":6}},"line":8}},"branchMap":{"0":{"loc":{"start":{"line":8,"column":63},"end":{"line":19,"column":6}},"type":"cond-expr","locations":[{"start":{"line":8,"column":91},"end":{"line":19,"column":1}},{"start":{"line":19,"column":4},"end":{"line":19,"column":6}}],"line":8},"1":{"loc":{"start":{"line":8,"column":63},"end":{"line":8,"column":88}},"type":"binary-expr","locations":[{"start":{"line":8,"column":63},"end":{"line":8,"column":73}},{"start":{"line":8,"column":77},"end":{"line":8,"column":88}}],"line":8},"2":{"loc":{"start":{"line":17,"column":4},"end":{"line":17,"column":47}},"type":"cond-expr","locations":[{"start":{"line":17,"column":12},"end":{"line":17,"column":42}},{"start":{"line":17,"column":45},"end":{"line":17,"column":47}}],"line":17}},"s":{"0":3,"1":8},"f":{"0":8},"b":{"0":[3,5],"1":[8,3],"2":[1,2]},"_coverageSchema":"332fd63041d2c1bcb487cc26dd0d5f7d97098a6c","hash":"47cda6d82499aa01bf704175b505e8bb8d8be95f"}
,"/Users/tule/workspace/lambchop/universal-rendering/analytics/gtm.js": {"path":"/Users/tule/workspace/lambchop/universal-rendering/analytics/gtm.js","statementMap":{"0":{"start":{"line":7,"column":25},"end":{"line":11,"column":7}},"1":{"start":{"line":7,"column":46},"end":{"line":11,"column":6}},"2":{"start":{"line":17,"column":16},"end":{"line":25,"column":7}},"3":{"start":{"line":17,"column":32},"end":{"line":25,"column":6}},"4":{"start":{"line":31,"column":16},"end":{"line":36,"column":7}},"5":{"start":{"line":31,"column":32},"end":{"line":36,"column":6}}},"fnMap":{"0":{"name":"(anonymous_0)","decl":{"start":{"line":7,"column":25},"end":{"line":7,"column":26}},"loc":{"start":{"line":7,"column":46},"end":{"line":11,"column":6}},"line":7},"1":{"name":"(anonymous_1)","decl":{"start":{"line":17,"column":16},"end":{"line":17,"column":17}},"loc":{"start":{"line":17,"column":32},"end":{"line":25,"column":6}},"line":17},"2":{"name":"(anonymous_2)","decl":{"start":{"line":31,"column":16},"end":{"line":31,"column":17}},"loc":{"start":{"line":31,"column":32},"end":{"line":36,"column":6}},"line":31}},"branchMap":{"0":{"loc":{"start":{"line":7,"column":46},"end":{"line":11,"column":6}},"type":"cond-expr","locations":[{"start":{"line":7,"column":65},"end":{"line":11,"column":1}},{"start":{"line":11,"column":4},"end":{"line":11,"column":6}}],"line":7},"1":{"loc":{"start":{"line":17,"column":32},"end":{"line":25,"column":6}},"type":"cond-expr","locations":[{"start":{"line":17,"column":46},"end":{"line":25,"column":1}},{"start":{"line":25,"column":4},"end":{"line":25,"column":6}}],"line":17},"2":{"loc":{"start":{"line":31,"column":32},"end":{"line":36,"column":6}},"type":"cond-expr","locations":[{"start":{"line":31,"column":46},"end":{"line":36,"column":1}},{"start":{"line":36,"column":4},"end":{"line":36,"column":6}}],"line":31}},"s":{"0":2,"1":5,"2":2,"3":5,"4":2,"5":5},"f":{"0":5,"1":5,"2":5},"b":{"0":[5,0],"1":[1,4],"2":[0,5]},"_coverageSchema":"332fd63041d2c1bcb487cc26dd0d5f7d97098a6c","hash":"f562e46e27a58183290d094f9d0936d1cb925c22"}
,"/Users/tule/workspace/lambchop/universal-rendering/analytics/hotjar.js": {"path":"/Users/tule/workspace/lambchop/universal-rendering/analytics/hotjar.js","statementMap":{"0":{"start":{"line":7,"column":22},"end":{"line":7,"column":0}},"1":{"start":{"line":7,"column":22},"end":{"line":7,"column":21}},"2":{"start":{"line":7,"column":22},"end":{"line":null,"column":-1}}},"fnMap":{"0":{"name":"hotjarTrigger","decl":{"start":{"line":7,"column":6},"end":{"line":7,"column":22}},"loc":{"start":{"line":7,"column":22},"end":{"line":7,"column":0}}},"1":{"name":"(anonymous_1)","decl":{"start":{"line":7,"column":42},"end":{"line":7,"column":47}},"loc":{"start":{"line":7,"column":48},"end":{"line":7,"column":22}}}},"branchMap":{"0":{"loc":{"start":{"line":7,"column":22},"end":{"line":7,"column":41}},"type":"cond-expr","locations":[{"start":{"line":7,"column":22},"end":{"line":7,"column":41}},{"start":{"line":7,"column":42},"end":{"line":7,"column":22}}]},"1":{"loc":{"start":{"line":7,"column":22},"end":{"line":7,"column":41}},"type":"binary-expr","locations":[{"start":{"line":7,"column":22},"end":{"line":7,"column":41}},{"start":{"line":7,"column":22},"end":{"line":7,"column":41}}]}},"s":{"0":0,"1":0,"2":0},"f":{"0":0,"1":0},"b":{"0":[0,0],"1":[0,0]}}
,"/Users/tule/workspace/lambchop/universal-rendering/analytics/trackingPixel/generateTrackingPixelRequestUrl.js": {"path":"/Users/tule/workspace/lambchop/universal-rendering/analytics/trackingPixel/generateTrackingPixelRequestUrl.js","statementMap":{"0":{"start":{"line":5,"column":25},"end":{"line":5,"column":40}},"1":{"start":{"line":6,"column":24},"end":{"line":9,"column":1}},"2":{"start":{"line":11,"column":40},"end":{"line":36,"column":1}},"3":{"start":{"line":12,"column":25},"end":{"line":12,"column":47}},"4":{"start":{"line":13,"column":20},"end":{"line":13,"column":67}},"5":{"start":{"line":14,"column":29},"end":{"line":14,"column":43}},"6":{"start":{"line":16,"column":12},"end":{"line":16,"column":123}},"7":{"start":{"line":17,"column":2},"end":{"line":19,"column":5}},"8":{"start":{"line":18,"column":4},"end":{"line":18,"column":103}},"9":{"start":{"line":21,"column":2},"end":{"line":23,"column":3}},"10":{"start":{"line":22,"column":4},"end":{"line":22,"column":61}},"11":{"start":{"line":24,"column":2},"end":{"line":26,"column":3}},"12":{"start":{"line":25,"column":4},"end":{"line":25,"column":65}},"13":{"start":{"line":29,"column":24},"end":{"line":29,"column":44}},"14":{"start":{"line":30,"column":2},"end":{"line":30,"column":61}},"15":{"start":{"line":31,"column":2},"end":{"line":33,"column":5}},"16":{"start":{"line":32,"column":4},"end":{"line":32,"column":43}},"17":{"start":{"line":35,"column":2},"end":{"line":35,"column":13}}},"fnMap":{"0":{"name":"(anonymous_0)","decl":{"start":{"line":11,"column":40},"end":{"line":11,"column":41}},"loc":{"start":{"line":11,"column":84},"end":{"line":36,"column":1}},"line":11},"1":{"name":"(anonymous_1)","decl":{"start":{"line":17,"column":33},"end":{"line":17,"column":34}},"loc":{"start":{"line":17,"column":42},"end":{"line":19,"column":3}},"line":17},"2":{"name":"(anonymous_2)","decl":{"start":{"line":31,"column":37},"end":{"line":31,"column":38}},"loc":{"start":{"line":31,"column":46},"end":{"line":33,"column":3}},"line":31}},"branchMap":{"0":{"loc":{"start":{"line":11,"column":54},"end":{"line":11,"column":79}},"type":"default-arg","locations":[{"start":{"line":11,"column":64},"end":{"line":11,"column":79}}],"line":11},"1":{"loc":{"start":{"line":16,"column":90},"end":{"line":16,"column":120}},"type":"binary-expr","locations":[{"start":{"line":16,"column":90},"end":{"line":16,"column":107}},{"start":{"line":16,"column":111},"end":{"line":16,"column":120}}],"line":16},"2":{"loc":{"start":{"line":21,"column":2},"end":{"line":23,"column":3}},"type":"if","locations":[{"start":{"line":21,"column":2},"end":{"line":23,"column":3}},{"start":{"line":21,"column":2},"end":{"line":23,"column":3}}],"line":21},"3":{"loc":{"start":{"line":24,"column":2},"end":{"line":26,"column":3}},"type":"if","locations":[{"start":{"line":24,"column":2},"end":{"line":26,"column":3}},{"start":{"line":24,"column":2},"end":{"line":26,"column":3}}],"line":24},"4":{"loc":{"start":{"line":29,"column":24},"end":{"line":29,"column":44}},"type":"binary-expr","locations":[{"start":{"line":29,"column":24},"end":{"line":29,"column":38}},{"start":{"line":29,"column":42},"end":{"line":29,"column":44}}],"line":29},"5":{"loc":{"start":{"line":30,"column":22},"end":{"line":30,"column":58}},"type":"binary-expr","locations":[{"start":{"line":30,"column":22},"end":{"line":30,"column":38}},{"start":{"line":30,"column":42},"end":{"line":30,"column":58}}],"line":30}},"s":{"0":1,"1":1,"2":1,"3":0,"4":0,"5":0,"6":0,"7":0,"8":0,"9":0,"10":0,"11":0,"12":0,"13":0,"14":0,"15":0,"16":0,"17":0},"f":{"0":0,"1":0,"2":0},"b":{"0":[0],"1":[0,0],"2":[0,0],"3":[0,0],"4":[0,0],"5":[0,0]},"_coverageSchema":"332fd63041d2c1bcb487cc26dd0d5f7d97098a6c","hash":"bfdadca6d39b380d63a58c1362874d08d6f58d57"}
,"/Users/tule/workspace/lambchop/universal-rendering/analytics/trackingPixel/getUrlParamsAsObject.js": {"path":"/Users/tule/workspace/lambchop/universal-rendering/analytics/trackingPixel/getUrlParamsAsObject.js","statementMap":{"0":{"start":{"line":3,"column":23},"end":{"line":11,"column":1}},"1":{"start":{"line":4,"column":17},"end":{"line":4,"column":19}},"2":{"start":{"line":5,"column":2},"end":{"line":8,"column":3}},"3":{"start":{"line":6,"column":25},"end":{"line":6,"column":30}},"4":{"start":{"line":7,"column":4},"end":{"line":7,"column":24}},"5":{"start":{"line":10,"column":2},"end":{"line":10,"column":16}},"6":{"start":{"line":13,"column":29},"end":{"line":17,"column":1}},"7":{"start":{"line":14,"column":20},"end":{"line":14,"column":63}},"8":{"start":{"line":16,"column":2},"end":{"line":16,"column":45}}},"fnMap":{"0":{"name":"(anonymous_0)","decl":{"start":{"line":3,"column":23},"end":{"line":3,"column":24}},"loc":{"start":{"line":3,"column":36},"end":{"line":11,"column":1}},"line":3},"1":{"name":"(anonymous_1)","decl":{"start":{"line":13,"column":29},"end":{"line":13,"column":30}},"loc":{"start":{"line":13,"column":35},"end":{"line":17,"column":1}},"line":13}},"branchMap":{},"s":{"0":1,"1":0,"2":0,"3":0,"4":0,"5":0,"6":1,"7":0,"8":0},"f":{"0":0,"1":0},"b":{},"_coverageSchema":"332fd63041d2c1bcb487cc26dd0d5f7d97098a6c","hash":"657946b3813b4f5770ce527d6f94a26f529e4618"}
,"/Users/tule/workspace/lambchop/universal-rendering/analytics/trackingPixel/index.js": {"path":"/Users/tule/workspace/lambchop/universal-rendering/analytics/trackingPixel/index.js","statementMap":{"0":{"start":{"line":14,"column":26},"end":{"line":20,"column":1}},"1":{"start":{"line":16,"column":22},"end":{"line":16,"column":58}},"2":{"start":{"line":17,"column":34},"end":{"line":17,"column":87}},"3":{"start":{"line":19,"column":2},"end":{"line":19,"column":47}}},"fnMap":{"0":{"name":"(anonymous_0)","decl":{"start":{"line":14,"column":26},"end":{"line":14,"column":27}},"loc":{"start":{"line":14,"column":39},"end":{"line":20,"column":1}},"line":14}},"branchMap":{},"s":{"0":1,"1":0,"2":0,"3":0},"f":{"0":0},"b":{},"_coverageSchema":"332fd63041d2c1bcb487cc26dd0d5f7d97098a6c","hash":"76fba9e41cb3da864ff23c07e55c7d0ace949a9f"}
,"/Users/tule/workspace/lambchop/universal-rendering/analytics/trackingPixel/injectTrackingPixel.js": {"path":"/Users/tule/workspace/lambchop/universal-rendering/analytics/trackingPixel/injectTrackingPixel.js","statementMap":{"0":{"start":{"line":1,"column":28},"end":{"line":10,"column":1}},"1":{"start":{"line":2,"column":14},"end":{"line":2,"column":43}},"2":{"start":{"line":3,"column":2},"end":{"line":3,"column":29}},"3":{"start":{"line":4,"column":14},"end":{"line":4,"column":45}},"4":{"start":{"line":5,"column":2},"end":{"line":5,"column":36}},"5":{"start":{"line":6,"column":2},"end":{"line":6,"column":37}},"6":{"start":{"line":7,"column":2},"end":{"line":7,"column":28}},"7":{"start":{"line":8,"column":2},"end":{"line":8,"column":23}},"8":{"start":{"line":9,"column":2},"end":{"line":9,"column":33}}},"fnMap":{"0":{"name":"(anonymous_0)","decl":{"start":{"line":1,"column":28},"end":{"line":1,"column":29}},"loc":{"start":{"line":1,"column":57},"end":{"line":10,"column":1}},"line":1}},"branchMap":{},"s":{"0":1,"1":0,"2":0,"3":0,"4":0,"5":0,"6":0,"7":0,"8":0},"f":{"0":0},"b":{},"_coverageSchema":"332fd63041d2c1bcb487cc26dd0d5f7d97098a6c","hash":"005dc993af221a01d8dd1ac67c4ab965e19341b5"}
,"/Users/tule/workspace/lambchop/universal-rendering/analytics/trackingPixel/parseUtmParams.js": {"path":"/Users/tule/workspace/lambchop/universal-rendering/analytics/trackingPixel/parseUtmParams.js","statementMap":{"0":{"start":{"line":1,"column":23},"end":{"line":9,"column":1}},"1":{"start":{"line":2,"column":14},"end":{"line":2,"column":16}},"2":{"start":{"line":3,"column":2},"end":{"line":7,"column":5}},"3":{"start":{"line":4,"column":4},"end":{"line":6,"column":5}},"4":{"start":{"line":5,"column":6},"end":{"line":5,"column":28}},"5":{"start":{"line":8,"column":2},"end":{"line":8,"column":13}},"6":{"start":{"line":13,"column":23},"end":{"line":26,"column":1}},"7":{"start":{"line":14,"column":18},"end":{"line":14,"column":20}},"8":{"start":{"line":15,"column":19},"end":{"line":15,"column":67}},"9":{"start":{"line":16,"column":2},"end":{"line":18,"column":3}},"10":{"start":{"line":17,"column":4},"end":{"line":17,"column":46}},"11":{"start":{"line":19,"column":2},"end":{"line":24,"column":3}},"12":{"start":{"line":20,"column":31},"end":{"line":20,"column":52}},"13":{"start":{"line":21,"column":4},"end":{"line":23,"column":5}},"14":{"start":{"line":22,"column":6},"end":{"line":22,"column":37}},"15":{"start":{"line":25,"column":2},"end":{"line":25,"column":19}}},"fnMap":{"0":{"name":"(anonymous_0)","decl":{"start":{"line":1,"column":23},"end":{"line":1,"column":24}},"loc":{"start":{"line":1,"column":34},"end":{"line":9,"column":1}},"line":1},"1":{"name":"(anonymous_1)","decl":{"start":{"line":3,"column":29},"end":{"line":3,"column":30}},"loc":{"start":{"line":3,"column":38},"end":{"line":7,"column":3}},"line":3},"2":{"name":"(anonymous_2)","decl":{"start":{"line":13,"column":23},"end":{"line":13,"column":24}},"loc":{"start":{"line":13,"column":42},"end":{"line":26,"column":1}},"line":13}},"branchMap":{"0":{"loc":{"start":{"line":4,"column":4},"end":{"line":6,"column":5}},"type":"if","locations":[{"start":{"line":4,"column":4},"end":{"line":6,"column":5}},{"start":{"line":4,"column":4},"end":{"line":6,"column":5}}],"line":4},"1":{"loc":{"start":{"line":16,"column":2},"end":{"line":18,"column":3}},"type":"if","locations":[{"start":{"line":16,"column":2},"end":{"line":18,"column":3}},{"start":{"line":16,"column":2},"end":{"line":18,"column":3}}],"line":16},"2":{"loc":{"start":{"line":17,"column":16},"end":{"line":17,"column":45}},"type":"binary-expr","locations":[{"start":{"line":17,"column":16},"end":{"line":17,"column":39}},{"start":{"line":17,"column":43},"end":{"line":17,"column":45}}],"line":17},"3":{"loc":{"start":{"line":19,"column":2},"end":{"line":24,"column":3}},"type":"if","locations":[{"start":{"line":19,"column":2},"end":{"line":24,"column":3}},{"start":{"line":19,"column":2},"end":{"line":24,"column":3}}],"line":19},"4":{"loc":{"start":{"line":21,"column":4},"end":{"line":23,"column":5}},"type":"if","locations":[{"start":{"line":21,"column":4},"end":{"line":23,"column":5}},{"start":{"line":21,"column":4},"end":{"line":23,"column":5}}],"line":21}},"s":{"0":1,"1":0,"2":0,"3":0,"4":0,"5":0,"6":1,"7":0,"8":0,"9":0,"10":0,"11":0,"12":0,"13":0,"14":0,"15":0},"f":{"0":0,"1":0,"2":0},"b":{"0":[0,0],"1":[0,0],"2":[0,0],"3":[0,0],"4":[0,0]},"_coverageSchema":"332fd63041d2c1bcb487cc26dd0d5f7d97098a6c","hash":"1588fdcc4b5e29533e2d365b7127850ec2176797"}
,"/Users/tule/workspace/lambchop/universal-rendering/helpers/getAssetUrl.js": {"path":"/Users/tule/workspace/lambchop/universal-rendering/helpers/getAssetUrl.js","statementMap":{"0":{"start":{"line":13,"column":20},"end":{"line":21,"column":1}},"1":{"start":{"line":17,"column":23},"end":{"line":17,"column":59}},"2":{"start":{"line":18,"column":19},"end":{"line":18,"column":60}},"3":{"start":{"line":19,"column":19},"end":{"line":19,"column":64}},"4":{"start":{"line":20,"column":2},"end":{"line":20,"column":53}}},"fnMap":{"0":{"name":"(anonymous_0)","decl":{"start":{"line":13,"column":20},"end":{"line":13,"column":21}},"loc":{"start":{"line":16,"column":6},"end":{"line":21,"column":1}},"line":16}},"branchMap":{},"s":{"0":2,"1":5,"2":5,"3":5,"4":5},"f":{"0":5},"b":{},"_coverageSchema":"332fd63041d2c1bcb487cc26dd0d5f7d97098a6c","hash":"669d7c6daba02c051deabebbbd09fd663025c95e"}
,"/Users/tule/workspace/lambchop/universal-rendering/helpers/getInitialState.js": {"path":"/Users/tule/workspace/lambchop/universal-rendering/helpers/getInitialState.js","statementMap":{"0":{"start":{"line":13,"column":24},"end":{"line":43,"column":1}},"1":{"start":{"line":18,"column":2},"end":{"line":20,"column":3}},"2":{"start":{"line":19,"column":4},"end":{"line":19,"column":88}},"3":{"start":{"line":22,"column":2},"end":{"line":42,"column":6}}},"fnMap":{"0":{"name":"(anonymous_0)","decl":{"start":{"line":13,"column":24},"end":{"line":13,"column":25}},"loc":{"start":{"line":17,"column":6},"end":{"line":43,"column":1}},"line":17}},"branchMap":{"0":{"loc":{"start":{"line":14,"column":2},"end":{"line":14,"column":38}},"type":"default-arg","locations":[{"start":{"line":14,"column":21},"end":{"line":14,"column":38}}],"line":14},"1":{"loc":{"start":{"line":18,"column":2},"end":{"line":20,"column":3}},"type":"if","locations":[{"start":{"line":18,"column":2},"end":{"line":20,"column":3}},{"start":{"line":18,"column":2},"end":{"line":20,"column":3}}],"line":18},"2":{"loc":{"start":{"line":18,"column":6},"end":{"line":18,"column":48}},"type":"binary-expr","locations":[{"start":{"line":18,"column":6},"end":{"line":18,"column":23}},{"start":{"line":18,"column":27},"end":{"line":18,"column":48}}],"line":18},"3":{"loc":{"start":{"line":22,"column":9},"end":{"line":42,"column":5}},"type":"cond-expr","locations":[{"start":{"line":22,"column":28},"end":{"line":26,"column":5}},{"start":{"line":26,"column":8},"end":{"line":42,"column":5}}],"line":22}},"s":{"0":2,"1":3,"2":0,"3":3},"f":{"0":3},"b":{"0":[3],"1":[0,3],"2":[3,1],"3":[2,1]},"_coverageSchema":"332fd63041d2c1bcb487cc26dd0d5f7d97098a6c","hash":"94e27149950e59fbace03260988b147c51346a67"}
,"/Users/tule/workspace/lambchop/universal-rendering/helpers/loadServerEnv.js": {"path":"/Users/tule/workspace/lambchop/universal-rendering/helpers/loadServerEnv.js","statementMap":{"0":{"start":{"line":8,"column":22},"end":{"line":14,"column":7}},"1":{"start":{"line":8,"column":40},"end":{"line":14,"column":6}}},"fnMap":{"0":{"name":"(anonymous_0)","decl":{"start":{"line":8,"column":22},"end":{"line":8,"column":23}},"loc":{"start":{"line":8,"column":40},"end":{"line":14,"column":6}},"line":8}},"branchMap":{"0":{"loc":{"start":{"line":8,"column":40},"end":{"line":14,"column":6}},"type":"cond-expr","locations":[{"start":{"line":8,"column":56},"end":{"line":14,"column":1}},{"start":{"line":14,"column":4},"end":{"line":14,"column":6}}],"line":8}},"s":{"0":2,"1":5},"f":{"0":5},"b":{"0":[5,0]},"_coverageSchema":"332fd63041d2c1bcb487cc26dd0d5f7d97098a6c","hash":"026a5b7120127463b92ddafd55cd73238bb057d3"}
,"/Users/tule/workspace/lambchop/universal-rendering/helpers/pushHshId.js": {"path":"/Users/tule/workspace/lambchop/universal-rendering/helpers/pushHshId.js","statementMap":{"0":{"start":{"line":7,"column":18},"end":{"line":23,"column":1}},"1":{"start":{"line":7,"column":35},"end":{"line":23,"column":1}}},"fnMap":{"0":{"name":"(anonymous_0)","decl":{"start":{"line":7,"column":18},"end":{"line":7,"column":19}},"loc":{"start":{"line":7,"column":35},"end":{"line":23,"column":1}},"line":7}},"branchMap":{},"s":{"0":2,"1":5},"f":{"0":5},"b":{},"_coverageSchema":"332fd63041d2c1bcb487cc26dd0d5f7d97098a6c","hash":"431fd27a7eaaf93b9dcebbd927510b7cad24033e"}
,"/Users/tule/workspace/lambchop/universal-rendering/templates/body.js": {"path":"/Users/tule/workspace/lambchop/universal-rendering/templates/body.js","statementMap":{"0":{"start":{"line":12,"column":36},"end":{"line":14,"column":29}},"1":{"start":{"line":14,"column":6},"end":{"line":14,"column":29}},"2":{"start":{"line":21,"column":22},"end":{"line":23,"column":41}},"3":{"start":{"line":23,"column":6},"end":{"line":23,"column":41}},"4":{"start":{"line":30,"column":32},"end":{"line":32,"column":50}},"5":{"start":{"line":32,"column":7},"end":{"line":32,"column":49}},"6":{"start":{"line":38,"column":23},"end":{"line":42,"column":1}},"7":{"start":{"line":49,"column":19},"end":{"line":49,"column":65}},"8":{"start":{"line":49,"column":27},"end":{"line":49,"column":65}}},"fnMap":{"0":{"name":"(anonymous_0)","decl":{"start":{"line":12,"column":36},"end":{"line":12,"column":37}},"loc":{"start":{"line":14,"column":6},"end":{"line":14,"column":29}},"line":14},"1":{"name":"(anonymous_1)","decl":{"start":{"line":21,"column":22},"end":{"line":21,"column":23}},"loc":{"start":{"line":23,"column":6},"end":{"line":23,"column":41}},"line":23},"2":{"name":"(anonymous_2)","decl":{"start":{"line":30,"column":32},"end":{"line":30,"column":33}},"loc":{"start":{"line":32,"column":7},"end":{"line":32,"column":49}},"line":32},"3":{"name":"(anonymous_3)","decl":{"start":{"line":49,"column":19},"end":{"line":49,"column":20}},"loc":{"start":{"line":49,"column":27},"end":{"line":49,"column":65}},"line":49}},"branchMap":{"0":{"loc":{"start":{"line":32,"column":7},"end":{"line":32,"column":49}},"type":"cond-expr","locations":[{"start":{"line":32,"column":21},"end":{"line":32,"column":44}},{"start":{"line":32,"column":47},"end":{"line":32,"column":49}}],"line":32}},"s":{"0":2,"1":5,"2":2,"3":5,"4":2,"5":5,"6":2,"7":2,"8":5},"f":{"0":5,"1":5,"2":5,"3":5},"b":{"0":[5,0]},"_coverageSchema":"332fd63041d2c1bcb487cc26dd0d5f7d97098a6c","hash":"5da5ea5cbe96194fb1fc8d06e1224270309eeb46"}
,"/Users/tule/workspace/lambchop/universal-rendering/templates/header.js": {"path":"/Users/tule/workspace/lambchop/universal-rendering/templates/header.js","statementMap":{"0":{"start":{"line":17,"column":29},"end":{"line":19,"column":123}},"1":{"start":{"line":19,"column":6},"end":{"line":19,"column":123}},"2":{"start":{"line":19,"column":51},"end":{"line":19,"column":122}},"3":{"start":{"line":26,"column":24},"end":{"line":28,"column":32}},"4":{"start":{"line":28,"column":6},"end":{"line":28,"column":32}},"5":{"start":{"line":37,"column":38},"end":{"line":47,"column":1}},"6":{"start":{"line":40,"column":74},"end":{"line":40,"column":82}},"7":{"start":{"line":41,"column":2},"end":{"line":46,"column":4}},"8":{"start":{"line":53,"column":37},"end":{"line":53,"column":117}},"9":{"start":{"line":53,"column":63},"end":{"line":53,"column":117}},"10":{"start":{"line":63,"column":34},"end":{"line":69,"column":1}},"11":{"start":{"line":65,"column":6},"end":{"line":69,"column":1}},"12":{"start":{"line":76,"column":21},"end":{"line":78,"column":12}},"13":{"start":{"line":78,"column":6},"end":{"line":78,"column":12}},"14":{"start":{"line":84,"column":25},"end":{"line":91,"column":1}},"15":{"start":{"line":98,"column":21},"end":{"line":110,"column":1}},"16":{"start":{"line":99,"column":44},"end":{"line":99,"column":48}},"17":{"start":{"line":100,"column":20},"end":{"line":100,"column":32}},"18":{"start":{"line":101,"column":2},"end":{"line":109,"column":4}}},"fnMap":{"0":{"name":"(anonymous_0)","decl":{"start":{"line":17,"column":29},"end":{"line":17,"column":30}},"loc":{"start":{"line":19,"column":6},"end":{"line":19,"column":123}},"line":19},"1":{"name":"(anonymous_1)","decl":{"start":{"line":19,"column":36},"end":{"line":19,"column":37}},"loc":{"start":{"line":19,"column":51},"end":{"line":19,"column":122}},"line":19},"2":{"name":"(anonymous_2)","decl":{"start":{"line":26,"column":24},"end":{"line":26,"column":25}},"loc":{"start":{"line":28,"column":6},"end":{"line":28,"column":32}},"line":28},"3":{"name":"(anonymous_3)","decl":{"start":{"line":37,"column":38},"end":{"line":37,"column":39}},"loc":{"start":{"line":39,"column":6},"end":{"line":47,"column":1}},"line":39},"4":{"name":"(anonymous_4)","decl":{"start":{"line":53,"column":37},"end":{"line":53,"column":38}},"loc":{"start":{"line":53,"column":63},"end":{"line":53,"column":117}},"line":53},"5":{"name":"(anonymous_5)","decl":{"start":{"line":63,"column":34},"end":{"line":63,"column":35}},"loc":{"start":{"line":65,"column":6},"end":{"line":69,"column":1}},"line":65},"6":{"name":"(anonymous_6)","decl":{"start":{"line":76,"column":21},"end":{"line":76,"column":22}},"loc":{"start":{"line":78,"column":6},"end":{"line":78,"column":12}},"line":78},"7":{"name":"(anonymous_7)","decl":{"start":{"line":98,"column":21},"end":{"line":98,"column":22}},"loc":{"start":{"line":98,"column":31},"end":{"line":110,"column":1}},"line":98}},"branchMap":{"0":{"loc":{"start":{"line":38,"column":17},"end":{"line":38,"column":30}},"type":"default-arg","locations":[{"start":{"line":38,"column":28},"end":{"line":38,"column":30}}],"line":38},"1":{"loc":{"start":{"line":42,"column":4},"end":{"line":42,"column":60}},"type":"cond-expr","locations":[{"start":{"line":42,"column":20},"end":{"line":42,"column":55}},{"start":{"line":42,"column":58},"end":{"line":42,"column":60}}],"line":42},"2":{"loc":{"start":{"line":53,"column":64},"end":{"line":53,"column":116}},"type":"cond-expr","locations":[{"start":{"line":53,"column":83},"end":{"line":53,"column":111}},{"start":{"line":53,"column":114},"end":{"line":53,"column":116}}],"line":53},"3":{"loc":{"start":{"line":64,"column":73},"end":{"line":64,"column":89}},"type":"default-arg","locations":[{"start":{"line":64,"column":86},"end":{"line":64,"column":89}}],"line":64},"4":{"loc":{"start":{"line":66,"column":2},"end":{"line":66,"column":48}},"type":"cond-expr","locations":[{"start":{"line":66,"column":18},"end":{"line":66,"column":43}},{"start":{"line":66,"column":46},"end":{"line":66,"column":48}}],"line":66},"5":{"loc":{"start":{"line":67,"column":2},"end":{"line":67,"column":87}},"type":"cond-expr","locations":[{"start":{"line":67,"column":23},"end":{"line":67,"column":82}},{"start":{"line":67,"column":85},"end":{"line":67,"column":87}}],"line":67}},"s":{"0":2,"1":5,"2":8,"3":2,"4":5,"5":2,"6":5,"7":5,"8":2,"9":5,"10":2,"11":5,"12":2,"13":5,"14":2,"15":2,"16":5,"17":5,"18":5},"f":{"0":5,"1":8,"2":5,"3":5,"4":5,"5":5,"6":5,"7":5},"b":{"0":[2],"1":[5,0],"2":[2,3],"3":[3],"4":[5,0],"5":[3,2]},"_coverageSchema":"332fd63041d2c1bcb487cc26dd0d5f7d97098a6c","hash":"dc64374b6b9ecc9833c8d038cd22f2378a77699c"}
,"/Users/tule/workspace/lambchop/universal-rendering/util/createSnippetFunctionAggregator.js": {"path":"/Users/tule/workspace/lambchop/universal-rendering/util/createSnippetFunctionAggregator.js","statementMap":{"0":{"start":{"line":10,"column":40},"end":{"line":13,"column":1}},"1":{"start":{"line":10,"column":52},"end":{"line":13,"column":1}},"2":{"start":{"line":10,"column":60},"end":{"line":13,"column":1}},"3":{"start":{"line":11,"column":23},"end":{"line":11,"column":57}}},"fnMap":{"0":{"name":"(anonymous_0)","decl":{"start":{"line":10,"column":40},"end":{"line":10,"column":41}},"loc":{"start":{"line":10,"column":52},"end":{"line":13,"column":1}},"line":10},"1":{"name":"(anonymous_1)","decl":{"start":{"line":10,"column":52},"end":{"line":10,"column":53}},"loc":{"start":{"line":10,"column":60},"end":{"line":13,"column":1}},"line":10},"2":{"name":"(anonymous_2)","decl":{"start":{"line":11,"column":2},"end":{"line":11,"column":3}},"loc":{"start":{"line":11,"column":23},"end":{"line":11,"column":57}},"line":11}},"branchMap":{},"s":{"0":3,"1":5,"2":11,"3":47},"f":{"0":5,"1":11,"2":47},"b":{},"_coverageSchema":"332fd63041d2c1bcb487cc26dd0d5f7d97098a6c","hash":"c09800c2e8dad28a818d79c86b19983fef203428"}
,"/Users/tule/workspace/lambchop/universal-rendering/util/outputHtml.js": {"path":"/Users/tule/workspace/lambchop/universal-rendering/util/outputHtml.js","statementMap":{"0":{"start":{"line":6,"column":19},"end":{"line":6,"column":73}},"1":{"start":{"line":6,"column":28},"end":{"line":6,"column":72}}},"fnMap":{"0":{"name":"(anonymous_0)","decl":{"start":{"line":6,"column":19},"end":{"line":6,"column":20}},"loc":{"start":{"line":6,"column":28},"end":{"line":6,"column":72}},"line":6}},"branchMap":{"0":{"loc":{"start":{"line":6,"column":28},"end":{"line":6,"column":72}},"type":"cond-expr","locations":[{"start":{"line":6,"column":50},"end":{"line":6,"column":65}},{"start":{"line":6,"column":68},"end":{"line":6,"column":72}}],"line":6}},"s":{"0":3,"1":59},"f":{"0":59},"b":{"0":[32,27]},"_coverageSchema":"332fd63041d2c1bcb487cc26dd0d5f7d97098a6c","hash":"ba02d768dc15aea7913fd5e9e46da4f78948b87e"}
}
