TN:
SF:/Users/tule/workspace/lambchop/caching/index.js
FNF:0
FNH:0
LF:0
LH:0
BRF:0
BRH:0
end_of_record
TN:
SF:/Users/tule/workspace/lambchop/caching/clients/AbstractCacheClient.js
FN:11,(anonymous_0)
FN:16,(anonymous_1)
FN:32,(anonymous_2)
FN:41,(anonymous_3)
FN:42,(anonymous_4)
FNF:5
FNH:4
FNDA:9,(anonymous_0)
FNDA:36,(anonymous_1)
FNDA:0,(anonymous_2)
FNDA:2,(anonymous_3)
FNDA:2,(anonymous_4)
DA:12,9
DA:15,9
DA:16,9
DA:17,36
DA:18,4
DA:21,9
DA:22,1
DA:25,8
DA:33,0
DA:42,2
DA:43,2
LF:11
LH:10
BRDA:17,0,0,4
BRDA:17,0,1,32
BRDA:21,1,0,1
BRDA:21,1,1,8
BRF:4
BRH:4
end_of_record
TN:
SF:/Users/tule/workspace/lambchop/caching/clients/RedisCacheClient.js
FN:23,(anonymous_0)
FN:39,(anonymous_1)
FN:46,(anonymous_2)
FN:71,(anonymous_3)
FN:82,(anonymous_4)
FN:85,(anonymous_5)
FN:98,(anonymous_6)
FNF:7
FNH:4
FNDA:5,(anonymous_0)
FNDA:5,(anonymous_1)
FNDA:0,(anonymous_2)
FNDA:0,(anonymous_3)
FNDA:1,(anonymous_4)
FNDA:1,(anonymous_5)
FNDA:0,(anonymous_6)
DA:7,2
DA:27,5
DA:28,5
DA:29,5
DA:30,5
DA:31,5
DA:32,5
DA:33,5
DA:40,5
DA:41,5
DA:42,5
DA:47,0
DA:48,0
DA:50,0
DA:52,0
DA:54,0
DA:57,0
DA:60,5
DA:62,0
DA:63,0
DA:65,5
DA:72,0
DA:83,1
DA:84,1
DA:86,1
DA:87,1
DA:99,0
DA:100,0
DA:102,0
LF:29
LH:17
BRDA:32,0,0,5
BRDA:32,0,1,4
BRDA:48,1,0,0
BRDA:48,1,1,0
BRDA:52,2,0,0
BRDA:52,2,1,0
BRDA:72,3,0,0
BRDA:72,3,1,0
BRDA:84,4,0,1
BRDA:84,4,1,1
BRDA:100,5,0,0
BRDA:100,5,1,0
BRDA:100,5,2,0
BRF:13
BRH:4
end_of_record
TN:
SF:/Users/tule/workspace/lambchop/error-notification/index.js
FNF:0
FNH:0
LF:0
LH:0
BRF:0
BRH:0
end_of_record
TN:
SF:/Users/tule/workspace/lambchop/error-notification/notifiers/AbstractNotifier.js
FN:12,(anonymous_0)
FN:17,(anonymous_1)
FN:27,(anonymous_2)
FN:37,(anonymous_3)
FN:38,(anonymous_4)
FN:38,(anonymous_5)
FNF:6
FNH:6
FNDA:7,(anonymous_0)
FNDA:7,(anonymous_1)
FNDA:10,(anonymous_2)
FNDA:6,(anonymous_3)
FNDA:14,(anonymous_4)
FNDA:14,(anonymous_5)
DA:13,7
DA:16,7
DA:17,7
DA:18,7
DA:19,1
DA:22,7
DA:23,1
DA:26,6
DA:27,4
DA:28,10
DA:38,14
DA:39,6
DA:40,2
LF:13
LH:13
BRDA:18,0,0,1
BRDA:18,0,1,6
BRDA:22,1,0,1
BRDA:22,1,1,6
BRDA:26,2,0,4
BRDA:26,2,1,2
BRDA:38,3,0,4
BRDA:38,3,1,10
BRDA:39,4,0,2
BRDA:39,4,1,4
BRF:10
BRH:10
end_of_record
TN:
SF:/Users/tule/workspace/lambchop/error-notification/notifiers/RollbarNotifier.js
FN:18,(anonymous_0)
FN:32,(anonymous_1)
FN:53,(anonymous_2)
FN:55,(anonymous_3)
FNF:4
FNH:3
FNDA:4,(anonymous_0)
FNDA:5,(anonymous_1)
FNDA:1,(anonymous_2)
FNDA:0,(anonymous_3)
DA:5,3
DA:19,4
DA:20,4
DA:21,3
DA:25,3
DA:33,5
DA:54,1
DA:55,1
DA:56,0
LF:9
LH:8
BRF:0
BRH:0
end_of_record
TN:
SF:/Users/tule/workspace/lambchop/middlewares/index.js
FNF:0
FNH:0
DA:3,0
DA:4,0
DA:5,0
DA:6,0
LF:4
LH:0
BRF:0
BRH:0
end_of_record
TN:
SF:/Users/tule/workspace/lambchop/middlewares/default/caching.js
FN:8,(anonymous_0)
FN:8,(anonymous_1)
FN:37,(anonymous_2)
FN:37,(anonymous_3)
FNF:4
FNH:4
FNDA:2,(anonymous_0)
FNDA:2,(anonymous_1)
FNDA:2,(anonymous_2)
FNDA:2,(anonymous_3)
DA:8,2
DA:9,2
DA:10,2
DA:13,2
DA:14,1
DA:15,1
DA:16,1
DA:17,1
DA:18,1
DA:20,0
DA:23,1
DA:26,2
DA:27,2
DA:28,2
DA:37,2
DA:38,2
DA:39,2
DA:40,2
DA:41,1
DA:42,1
DA:43,1
DA:44,1
DA:46,0
LF:23
LH:21
BRDA:13,0,0,1
BRDA:13,0,1,1
BRDA:16,1,0,1
BRDA:16,1,1,0
BRDA:38,2,0,0
BRDA:40,3,0,1
BRDA:40,3,1,1
BRDA:43,4,0,1
BRDA:43,4,1,0
BRF:9
BRH:6
end_of_record
TN:
SF:/Users/tule/workspace/lambchop/middlewares/default/error-handler.js
FN:8,(anonymous_0)
FN:8,(anonymous_1)
FN:18,(anonymous_2)
FN:18,(anonymous_3)
FNF:4
FNH:4
FNDA:1,(anonymous_0)
FNDA:1,(anonymous_1)
FNDA:1,(anonymous_2)
FNDA:1,(anonymous_3)
DA:8,1
DA:9,1
DA:10,1
DA:11,1
DA:18,1
DA:19,1
DA:20,1
DA:21,1
DA:22,1
DA:25,1
DA:27,1
LF:11
LH:11
BRDA:20,0,0,1
BRDA:20,0,1,0
BRDA:22,1,0,1
BRDA:22,1,1,1
BRF:4
BRH:3
end_of_record
TN:
SF:/Users/tule/workspace/lambchop/middlewares/default/header-preprocessor.js
FN:9,(anonymous_0)
FN:9,(anonymous_1)
FNF:2
FNH:2
FNDA:1,(anonymous_0)
FNDA:1,(anonymous_1)
DA:9,1
DA:10,1
DA:11,1
DA:12,1
DA:13,1
DA:14,1
DA:15,1
LF:7
LH:7
BRDA:12,0,0,1
BRDA:12,0,1,0
BRF:2
BRH:1
end_of_record
TN:
SF:/Users/tule/workspace/lambchop/middlewares/default/retrieve-data.js
FN:7,(anonymous_0)
FN:7,(anonymous_1)
FNF:2
FNH:2
FNDA:1,(anonymous_0)
FNDA:1,(anonymous_1)
DA:7,1
DA:8,1
DA:9,1
DA:10,1
DA:11,1
DA:12,1
DA:13,1
LF:7
LH:7
BRF:0
BRH:0
end_of_record
TN:
SF:/Users/tule/workspace/lambchop/src/LambBase.js
FN:22,LambBase
FN:38,(anonymous_15)
FN:64,(anonymous_24)
FN:64,prefixKeyFunction
FN:70,(anonymous_26)
FN:70,initHTMLCache
FN:87,(anonymous_32)
FN:94,(anonymous_35)
FN:102,(anonymous_38)
FN:106,(anonymous_41)
FN:106,(anonymous_42)
FNF:11
FNH:0
FNDA:0,LambBase
FNDA:0,(anonymous_15)
FNDA:0,(anonymous_24)
FNDA:0,prefixKeyFunction
FNDA:0,(anonymous_26)
FNDA:0,initHTMLCache
FNDA:0,(anonymous_32)
FNDA:0,(anonymous_35)
FNDA:0,(anonymous_38)
FNDA:0,(anonymous_41)
FNDA:0,(anonymous_42)
DA:1,0
DA:2,0
DA:3,0
DA:4,0
DA:5,0
DA:6,0
DA:9,0
DA:22,0
DA:23,0
DA:24,0
DA:31,0
DA:32,0
DA:36,0
DA:37,0
DA:38,0
DA:39,0
DA:41,0
DA:45,0
DA:49,0
DA:50,0
DA:51,0
DA:56,0
DA:57,0
DA:60,0
DA:61,0
DA:62,0
DA:63,0
DA:64,0
DA:65,0
DA:66,0
DA:68,0
DA:70,0
DA:71,0
DA:72,0
DA:74,0
DA:78,0
DA:79,0
DA:80,0
DA:81,0
DA:84,0
DA:85,0
DA:86,0
DA:89,0
DA:90,0
DA:93,0
DA:94,0
DA:95,0
DA:96,0
DA:102,0
DA:105,0
DA:106,0
DA:108,0
DA:110,0
LF:53
LH:0
BRDA:25,0,0,0
BRDA:25,0,1,0
BRDA:50,1,0,0
BRDA:50,1,1,0
BRDA:57,2,0,0
BRDA:57,2,1,0
BRDA:62,3,0,0
BRDA:62,3,1,0
BRDA:65,4,0,0
BRDA:65,4,1,0
BRDA:70,5,0,0
BRDA:70,5,1,0
BRDA:80,6,0,0
BRDA:80,6,1,0
BRDA:81,7,0,0
BRDA:81,7,1,0
BRDA:87,8,0,0
BRDA:87,8,1,0
BRDA:89,9,0,0
BRDA:89,9,1,0
BRDA:90,10,0,0
BRDA:90,10,1,0
BRDA:95,11,0,0
BRDA:95,11,1,0
BRDA:95,12,0,0
BRDA:95,12,1,0
BRF:26
BRH:0
end_of_record
TN:
SF:/Users/tule/workspace/lambchop/src/LambChop.js
FN:16,LambChop
FNF:1
FNH:0
FNDA:0,LambChop
DA:1,0
DA:2,0
DA:16,0
DA:18,0
DA:19,0
DA:20,0
DA:21,0
DA:22,0
DA:23,0
DA:24,0
DA:28,0
DA:29,0
DA:30,0
LF:13
LH:0
BRDA:16,0,0,0
BRDA:16,0,1,0
BRDA:29,1,0,0
BRDA:29,1,1,0
BRF:4
BRH:0
end_of_record
TN:
SF:/Users/tule/workspace/lambchop/src/LambChopStatic/index.js
FN:37,LambChopStatic
FN:60,(anonymous_23)
FN:60,(anonymous_24)
FN:75,(anonymous_25)
FN:91,(anonymous_26)
FNF:5
FNH:0
FNDA:0,LambChopStatic
FNDA:0,(anonymous_23)
FNDA:0,(anonymous_24)
FNDA:0,(anonymous_25)
FNDA:0,(anonymous_26)
DA:1,0
DA:2,0
DA:3,0
DA:4,0
DA:5,0
DA:6,0
DA:7,0
DA:9,0
DA:10,0
DA:12,0
DA:37,0
DA:39,0
DA:40,0
DA:44,0
DA:45,0
DA:49,0
DA:50,0
DA:51,0
DA:55,0
DA:56,0
DA:59,0
DA:60,0
DA:61,0
DA:62,0
DA:63,0
DA:64,0
DA:67,0
DA:70,0
DA:71,0
DA:74,0
DA:75,0
DA:84,0
DA:87,0
DA:88,0
DA:89,0
DA:91,0
LF:36
LH:0
BRDA:37,0,0,0
BRDA:37,0,1,0
BRDA:44,1,0,0
BRDA:44,1,1,0
BRF:4
BRH:0
end_of_record
TN:
SF:/Users/tule/workspace/lambchop/src/LambChopStatic/LambChopStaticWorker/index.js
FN:8,(anonymous_8)
FN:8,(anonymous_9)
FNF:2
FNH:0
FNDA:0,(anonymous_8)
FNDA:0,(anonymous_9)
DA:1,0
DA:2,0
DA:3,0
DA:4,0
DA:5,0
DA:6,0
DA:8,0
DA:9,0
DA:10,0
DA:11,0
DA:12,0
DA:13,0
DA:18,0
DA:19,0
DA:21,0
DA:22,0
LF:16
LH:0
BRF:0
BRH:0
end_of_record
TN:
SF:/Users/tule/workspace/lambchop/src/LambChopStatic/LambChopStaticWorker/utils/createStaticFile.js
FNF:0
FNH:0
DA:1,0
DA:2,0
DA:3,0
DA:9,0
DA:10,0
DA:11,0
DA:12,0
DA:13,0
DA:14,0
DA:16,0
LF:10
LH:0
BRDA:12,0,0,0
BRDA:12,0,1,0
BRF:2
BRH:0
end_of_record
TN:
SF:/Users/tule/workspace/lambchop/src/LambChopStatic/LambChopStaticWorker/utils/getWorker.js
FN:6,(anonymous_2)
FNF:1
FNH:0
FNDA:0,(anonymous_2)
DA:1,0
DA:4,0
DA:5,0
DA:6,0
DA:7,0
DA:8,0
DA:10,0
DA:11,0
DA:12,0
DA:14,0
LF:10
LH:0
BRF:0
BRH:0
end_of_record
TN:
SF:/Users/tule/workspace/lambchop/src/LambChopStatic/LambChopStaticWorker/utils/handleError.js
FNF:0
FNH:0
DA:2,0
DA:3,0
DA:4,0
LF:3
LH:0
BRF:0
BRH:0
end_of_record
TN:
SF:/Users/tule/workspace/lambchop/src/LambChopStatic/LambChopStaticWorker/utils/handleSuccess.js
FNF:0
FNH:0
DA:2,0
DA:3,0
DA:4,0
LF:3
LH:0
BRF:0
BRH:0
end_of_record
TN:
SF:/Users/tule/workspace/lambchop/src/LambChopStatic/LambChopStaticWorker/utils/logError.js
FNF:0
FNH:0
DA:1,0
DA:4,0
DA:8,0
LF:3
LH:0
BRF:0
BRH:0
end_of_record
TN:
SF:/Users/tule/workspace/lambchop/src/LambChopStatic/LambChopStaticWorker/utils/logSuccess.js
FNF:0
FNH:0
DA:1,0
DA:4,0
DA:5,0
LF:3
LH:0
BRF:0
BRH:0
end_of_record
TN:
SF:/Users/tule/workspace/lambchop/src/LambChopStatic/utils/createFolders.js
FNF:0
FNH:0
DA:1,0
DA:4,0
DA:5,0
DA:6,0
DA:7,0
DA:8,0
DA:9,0
LF:7
LH:0
BRF:0
BRH:0
end_of_record
TN:
SF:/Users/tule/workspace/lambchop/src/LambChopStatic/utils/logError.js
FNF:0
FNH:0
DA:1,0
DA:4,0
DA:5,0
DA:11,0
LF:4
LH:0
BRF:0
BRH:0
end_of_record
TN:
SF:/Users/tule/workspace/lambchop/src/LambChopStatic/utils/logResult.js
FNF:0
FNH:0
DA:1,0
DA:4,0
DA:5,0
DA:6,0
DA:7,0
DA:8,0
LF:6
LH:0
BRF:0
BRH:0
end_of_record
TN:
SF:/Users/tule/workspace/lambchop/src/LambChopStatic/utils/logSuccess.js
FNF:0
FNH:0
DA:2,0
LF:1
LH:0
BRF:0
BRH:0
end_of_record
TN:
SF:/Users/tule/workspace/lambchop/src/LambChopStatic/utils/printSuccess.js
FNF:0
FNH:0
DA:2,0
LF:1
LH:0
BRF:0
BRH:0
end_of_record
TN:
SF:/Users/tule/workspace/lambchop/src/helpers/getCacheClient.js
FN:10,(anonymous_0)
FNF:1
FNH:1
FNDA:2,(anonymous_0)
DA:10,1
DA:11,2
DA:12,2
LF:3
LH:3
BRF:0
BRH:0
end_of_record
TN:
SF:/Users/tule/workspace/lambchop/src/helpers/getHtml.js
FN:14,(anonymous_0)
FNF:1
FNH:1
FNDA:2,(anonymous_0)
DA:14,1
DA:17,2
DA:18,2
DA:19,2
DA:25,2
DA:26,2
DA:27,2
DA:35,2
DA:38,2
DA:39,2
DA:42,2
DA:43,2
DA:45,2
DA:48,2
DA:49,2
DA:70,2
DA:72,0
DA:75,2
LF:18
LH:17
BRDA:18,0,0,0
BRDA:21,1,0,2
BRDA:21,1,1,0
BRDA:25,2,0,2
BRDA:25,2,1,0
BRDA:32,3,0,0
BRDA:33,4,0,0
BRDA:34,5,0,2
BRDA:34,6,0,0
BRDA:34,7,0,0
BRDA:38,8,0,2
BRDA:38,8,1,0
BRDA:43,9,0,2
BRDA:48,10,0,2
BRDA:48,10,1,0
BRDA:55,11,0,2
BRDA:55,11,1,0
BRDA:56,12,0,2
BRDA:56,12,1,0
BRDA:57,13,0,2
BRDA:57,13,1,0
BRDA:58,14,0,2
BRDA:58,14,1,0
BRDA:64,15,0,2
BRDA:64,15,1,0
BRDA:65,16,0,2
BRDA:65,16,1,0
BRF:27
BRH:12
end_of_record
TN:
SF:/Users/tule/workspace/lambchop/src/helpers/renderApiError.js
FN:9,renderApiError
FN:9,(anonymous_1)
FNF:2
FNH:0
FNDA:0,renderApiError
FNDA:0,(anonymous_1)
DA:9,0
DA:10,0
DA:11,0
DA:12,0
DA:13,0
DA:16,0
DA:17,0
LF:7
LH:0
BRDA:11,0,0,0
BRDA:11,0,1,0
BRDA:13,1,0,0
BRDA:13,1,1,0
BRF:4
BRH:0
end_of_record
TN:
SF:/Users/tule/workspace/lambchop/src/helpers/renderHtmlError.js
FN:13,(anonymous_0)
FN:13,(anonymous_1)
FN:21,(anonymous_2)
FN:21,(anonymous_3)
FN:22,(anonymous_4)
FN:22,(anonymous_5)
FN:23,(anonymous_6)
FNF:7
FNH:6
FNDA:2,(anonymous_0)
FNDA:2,(anonymous_1)
FNDA:2,(anonymous_2)
FNDA:1,(anonymous_3)
FNDA:1,(anonymous_4)
FNDA:1,(anonymous_5)
FNDA:0,(anonymous_6)
DA:13,2
DA:14,2
DA:15,2
DA:16,2
DA:17,2
DA:20,2
DA:21,2
DA:22,1
DA:23,0
DA:25,2
DA:28,2
DA:29,2
DA:31,2
DA:32,2
LF:14
LH:13
BRDA:15,0,0,2
BRDA:15,0,1,0
BRDA:17,1,0,2
BRDA:17,1,1,0
BRF:4
BRH:2
end_of_record
TN:
SF:/Users/tule/workspace/lambchop/src/helpers/renderHtmlPage.js
FN:10,renderHtmlPage
FN:10,(anonymous_2)
FNF:2
FNH:0
FNDA:0,renderHtmlPage
FNDA:0,(anonymous_2)
DA:1,0
DA:10,0
DA:11,0
DA:12,0
DA:13,0
DA:14,0
LF:6
LH:0
BRF:0
BRH:0
end_of_record
TN:
SF:/Users/tule/workspace/lambchop/universal-rendering/reactHydrator.js
FN:23,(anonymous_0)
FN:28,(anonymous_1)
FN:31,(anonymous_2)
FN:45,(anonymous_3)
FNF:4
FNH:2
FNDA:1,(anonymous_0)
FNDA:0,(anonymous_1)
FNDA:1,(anonymous_2)
FNDA:0,(anonymous_3)
DA:23,1
DA:28,0
DA:29,1
DA:31,1
DA:32,1
DA:38,0
DA:45,1
DA:46,0
DA:47,0
DA:48,0
DA:52,1
DA:54,1
DA:57,0
LF:13
LH:7
BRDA:23,0,0,1
BRDA:25,1,0,1
BRDA:26,2,0,1
BRDA:28,3,0,1
BRDA:38,4,0,0
BRDA:38,4,1,0
BRDA:46,5,0,0
BRDA:46,5,1,0
BRDA:52,6,0,1
BRDA:52,6,1,0
BRF:10
BRH:5
end_of_record
TN:
SF:/Users/tule/workspace/lambchop/universal-rendering/reactServerSideRender.js
FN:11,(anonymous_0)
FNF:1
FNH:1
FNDA:5,(anonymous_0)
DA:11,2
DA:72,5
DA:73,5
DA:74,5
DA:75,5
DA:76,5
DA:80,5
LF:7
LH:7
BRF:0
BRH:0
end_of_record
TN:
SF:/Users/tule/workspace/lambchop/universal-rendering/analytics/ga.js
FN:8,(anonymous_0)
FNF:1
FNH:1
FNDA:8,(anonymous_0)
DA:8,8
LF:1
LH:1
BRDA:8,0,0,3
BRDA:8,0,1,5
BRDA:8,1,0,8
BRDA:8,1,1,3
BRDA:17,2,0,1
BRDA:17,2,1,2
BRF:6
BRH:6
end_of_record
TN:
SF:/Users/tule/workspace/lambchop/universal-rendering/analytics/gtm.js
FN:7,(anonymous_0)
FN:17,(anonymous_1)
FN:31,(anonymous_2)
FNF:3
FNH:3
FNDA:5,(anonymous_0)
FNDA:5,(anonymous_1)
FNDA:5,(anonymous_2)
DA:7,5
DA:17,5
DA:31,5
LF:3
LH:3
BRDA:7,0,0,5
BRDA:7,0,1,0
BRDA:17,1,0,1
BRDA:17,1,1,4
BRDA:31,2,0,0
BRDA:31,2,1,5
BRF:6
BRH:4
end_of_record
TN:
SF:/Users/tule/workspace/lambchop/universal-rendering/analytics/hotjar.js
FN:7,hotjarTrigger
FN:7,(anonymous_1)
FNF:2
FNH:0
FNDA:0,hotjarTrigger
FNDA:0,(anonymous_1)
DA:7,0
LF:1
LH:0
BRDA:7,0,0,0
BRDA:7,0,1,0
BRDA:7,1,0,0
BRDA:7,1,1,0
BRF:4
BRH:0
end_of_record
TN:
SF:/Users/tule/workspace/lambchop/universal-rendering/analytics/trackingPixel/generateTrackingPixelRequestUrl.js
FN:11,(anonymous_0)
FN:17,(anonymous_1)
FN:31,(anonymous_2)
FNF:3
FNH:0
FNDA:0,(anonymous_0)
FNDA:0,(anonymous_1)
FNDA:0,(anonymous_2)
DA:5,1
DA:6,1
DA:11,1
DA:12,0
DA:13,0
DA:14,0
DA:16,0
DA:17,0
DA:18,0
DA:21,0
DA:22,0
DA:24,0
DA:25,0
DA:29,0
DA:30,0
DA:31,0
DA:32,0
DA:35,0
LF:18
LH:3
BRDA:11,0,0,0
BRDA:16,1,0,0
BRDA:16,1,1,0
BRDA:21,2,0,0
BRDA:21,2,1,0
BRDA:24,3,0,0
BRDA:24,3,1,0
BRDA:29,4,0,0
BRDA:29,4,1,0
BRDA:30,5,0,0
BRDA:30,5,1,0
BRF:11
BRH:0
end_of_record
TN:
SF:/Users/tule/workspace/lambchop/universal-rendering/analytics/trackingPixel/getUrlParamsAsObject.js
FN:3,(anonymous_0)
FN:13,(anonymous_1)
FNF:2
FNH:0
FNDA:0,(anonymous_0)
FNDA:0,(anonymous_1)
DA:3,1
DA:4,0
DA:5,0
DA:6,0
DA:7,0
DA:10,0
DA:13,1
DA:14,0
DA:16,0
LF:9
LH:2
BRF:0
BRH:0
end_of_record
TN:
SF:/Users/tule/workspace/lambchop/universal-rendering/analytics/trackingPixel/index.js
FN:14,(anonymous_0)
FNF:1
FNH:0
FNDA:0,(anonymous_0)
DA:14,1
DA:16,0
DA:17,0
DA:19,0
LF:4
LH:1
BRF:0
BRH:0
end_of_record
TN:
SF:/Users/tule/workspace/lambchop/universal-rendering/analytics/trackingPixel/injectTrackingPixel.js
FN:1,(anonymous_0)
FNF:1
FNH:0
FNDA:0,(anonymous_0)
DA:1,1
DA:2,0
DA:3,0
DA:4,0
DA:5,0
DA:6,0
DA:7,0
DA:8,0
DA:9,0
LF:9
LH:1
BRF:0
BRH:0
end_of_record
TN:
SF:/Users/tule/workspace/lambchop/universal-rendering/analytics/trackingPixel/parseUtmParams.js
FN:1,(anonymous_0)
FN:3,(anonymous_1)
FN:13,(anonymous_2)
FNF:3
FNH:0
FNDA:0,(anonymous_0)
FNDA:0,(anonymous_1)
FNDA:0,(anonymous_2)
DA:1,1
DA:2,0
DA:3,0
DA:4,0
DA:5,0
DA:8,0
DA:13,1
DA:14,0
DA:15,0
DA:16,0
DA:17,0
DA:19,0
DA:20,0
DA:21,0
DA:22,0
DA:25,0
LF:16
LH:2
BRDA:4,0,0,0
BRDA:4,0,1,0
BRDA:16,1,0,0
BRDA:16,1,1,0
BRDA:17,2,0,0
BRDA:17,2,1,0
BRDA:19,3,0,0
BRDA:19,3,1,0
BRDA:21,4,0,0
BRDA:21,4,1,0
BRF:10
BRH:0
end_of_record
TN:
SF:/Users/tule/workspace/lambchop/universal-rendering/helpers/getAssetUrl.js
FN:13,(anonymous_0)
FNF:1
FNH:1
FNDA:5,(anonymous_0)
DA:13,2
DA:17,5
DA:18,5
DA:19,5
DA:20,5
LF:5
LH:5
BRF:0
BRH:0
end_of_record
TN:
SF:/Users/tule/workspace/lambchop/universal-rendering/helpers/getInitialState.js
FN:13,(anonymous_0)
FNF:1
FNH:1
FNDA:3,(anonymous_0)
DA:13,2
DA:18,3
DA:19,0
DA:22,3
LF:4
LH:3
BRDA:14,0,0,3
BRDA:18,1,0,0
BRDA:18,1,1,3
BRDA:18,2,0,3
BRDA:18,2,1,1
BRDA:22,3,0,2
BRDA:22,3,1,1
BRF:7
BRH:6
end_of_record
TN:
SF:/Users/tule/workspace/lambchop/universal-rendering/helpers/loadServerEnv.js
FN:8,(anonymous_0)
FNF:1
FNH:1
FNDA:5,(anonymous_0)
DA:8,5
LF:1
LH:1
BRDA:8,0,0,5
BRDA:8,0,1,0
BRF:2
BRH:1
end_of_record
TN:
SF:/Users/tule/workspace/lambchop/universal-rendering/helpers/pushHshId.js
FN:7,(anonymous_0)
FNF:1
FNH:1
FNDA:5,(anonymous_0)
DA:7,5
LF:1
LH:1
BRF:0
BRH:0
end_of_record
TN:
SF:/Users/tule/workspace/lambchop/universal-rendering/templates/body.js
FN:12,(anonymous_0)
FN:21,(anonymous_1)
FN:30,(anonymous_2)
FN:49,(anonymous_3)
FNF:4
FNH:4
FNDA:5,(anonymous_0)
FNDA:5,(anonymous_1)
FNDA:5,(anonymous_2)
FNDA:5,(anonymous_3)
DA:12,2
DA:14,5
DA:21,2
DA:23,5
DA:30,2
DA:32,5
DA:38,2
DA:49,5
LF:8
LH:8
BRDA:32,0,0,5
BRDA:32,0,1,0
BRF:2
BRH:1
end_of_record
TN:
SF:/Users/tule/workspace/lambchop/universal-rendering/templates/header.js
FN:17,(anonymous_0)
FN:19,(anonymous_1)
FN:26,(anonymous_2)
FN:37,(anonymous_3)
FN:53,(anonymous_4)
FN:63,(anonymous_5)
FN:76,(anonymous_6)
FN:98,(anonymous_7)
FNF:8
FNH:8
FNDA:5,(anonymous_0)
FNDA:8,(anonymous_1)
FNDA:5,(anonymous_2)
FNDA:5,(anonymous_3)
FNDA:5,(anonymous_4)
FNDA:5,(anonymous_5)
FNDA:5,(anonymous_6)
FNDA:5,(anonymous_7)
DA:17,2
DA:19,8
DA:26,2
DA:28,5
DA:37,2
DA:40,5
DA:41,5
DA:53,5
DA:63,2
DA:65,5
DA:76,2
DA:78,5
DA:84,2
DA:98,2
DA:99,5
DA:100,5
DA:101,5
LF:17
LH:17
BRDA:38,0,0,2
BRDA:42,1,0,5
BRDA:42,1,1,0
BRDA:53,2,0,2
BRDA:53,2,1,3
BRDA:64,3,0,3
BRDA:66,4,0,5
BRDA:66,4,1,0
BRDA:67,5,0,3
BRDA:67,5,1,2
BRF:10
BRH:8
end_of_record
TN:
SF:/Users/tule/workspace/lambchop/universal-rendering/util/createSnippetFunctionAggregator.js
FN:10,(anonymous_0)
FN:10,(anonymous_1)
FN:11,(anonymous_2)
FNF:3
FNH:3
FNDA:5,(anonymous_0)
FNDA:11,(anonymous_1)
FNDA:47,(anonymous_2)
DA:10,11
DA:11,47
LF:2
LH:2
BRF:0
BRH:0
end_of_record
TN:
SF:/Users/tule/workspace/lambchop/universal-rendering/util/outputHtml.js
FN:6,(anonymous_0)
FNF:1
FNH:1
FNDA:59,(anonymous_0)
DA:6,59
LF:1
LH:1
BRDA:6,0,0,32
BRDA:6,0,1,27
BRF:2
BRH:2
end_of_record
