TN:
SF:/Users/tule/workspace/lambchop/caching/index.js
FNF:0
FNH:0
LF:0
LH:0
BRF:0
BRH:0
end_of_record
TN:
SF:/Users/tule/workspace/lambchop/caching/clients/AbstractCacheClient.js
FN:11,(anonymous_0)
FN:16,(anonymous_1)
FN:32,(anonymous_2)
FN:41,(anonymous_3)
FN:42,(anonymous_4)
FNF:5
FNH:4
FNDA:8,(anonymous_0)
FNDA:32,(anonymous_1)
FNDA:0,(anonymous_2)
FNDA:2,(anonymous_3)
FNDA:2,(anonymous_4)
DA:12,8
DA:15,8
DA:16,8
DA:17,32
DA:18,4
DA:21,8
DA:22,1
DA:25,7
DA:33,0
DA:42,2
DA:43,2
LF:11
LH:10
BRDA:17,0,0,4
BRDA:17,0,1,28
BRDA:21,1,0,1
BRDA:21,1,1,7
BRF:4
BRH:4
end_of_record
TN:
SF:/Users/tule/workspace/lambchop/caching/clients/RedisCacheClient.js
FN:23,(anonymous_0)
FN:39,(anonymous_1)
FN:46,(anonymous_2)
FN:71,(anonymous_3)
FN:82,(anonymous_4)
FN:85,(anonymous_5)
FN:98,(anonymous_6)
FNF:7
FNH:4
FNDA:4,(anonymous_0)
FNDA:4,(anonymous_1)
FNDA:0,(anonymous_2)
FNDA:0,(anonymous_3)
FNDA:1,(anonymous_4)
FNDA:1,(anonymous_5)
FNDA:0,(anonymous_6)
DA:7,2
DA:27,4
DA:28,4
DA:29,4
DA:30,4
DA:31,4
DA:32,4
DA:33,4
DA:40,4
DA:41,4
DA:42,4
DA:47,0
DA:48,0
DA:50,0
DA:52,0
DA:54,0
DA:57,0
DA:60,4
DA:62,0
DA:63,0
DA:65,4
DA:72,0
DA:83,1
DA:84,1
DA:86,1
DA:87,1
DA:99,0
DA:100,0
DA:102,0
LF:29
LH:17
BRDA:32,0,0,4
BRDA:32,0,1,3
BRDA:48,1,0,0
BRDA:48,1,1,0
BRDA:52,2,0,0
BRDA:52,2,1,0
BRDA:72,3,0,0
BRDA:72,3,1,0
BRDA:84,4,0,1
BRDA:84,4,1,1
BRDA:100,5,0,0
BRDA:100,5,1,0
BRDA:100,5,2,0
BRF:13
BRH:4
end_of_record
TN:
SF:/Users/tule/workspace/lambchop/error-notification/index.js
FNF:0
FNH:0
LF:0
LH:0
BRF:0
BRH:0
end_of_record
TN:
SF:/Users/tule/workspace/lambchop/error-notification/notifiers/AbstractNotifier.js
FN:12,(anonymous_0)
FN:17,(anonymous_1)
FN:27,(anonymous_2)
FN:37,(anonymous_3)
FN:38,(anonymous_4)
FN:38,(anonymous_5)
FNF:6
FNH:6
FNDA:6,(anonymous_0)
FNDA:6,(anonymous_1)
FNDA:7,(anonymous_2)
FNDA:5,(anonymous_3)
FNDA:11,(anonymous_4)
FNDA:11,(anonymous_5)
DA:13,6
DA:16,6
DA:17,6
DA:18,6
DA:19,1
DA:22,6
DA:23,1
DA:26,5
DA:27,3
DA:28,7
DA:38,11
DA:39,5
DA:40,2
LF:13
LH:13
BRDA:18,0,0,1
BRDA:18,0,1,5
BRDA:22,1,0,1
BRDA:22,1,1,5
BRDA:26,2,0,3
BRDA:26,2,1,2
BRDA:38,3,0,4
BRDA:38,3,1,7
BRDA:39,4,0,2
BRDA:39,4,1,3
BRF:10
BRH:10
end_of_record
TN:
SF:/Users/tule/workspace/lambchop/error-notification/notifiers/RollbarNotifier.js
FN:18,(anonymous_0)
FN:32,(anonymous_1)
FN:53,(anonymous_2)
FN:55,(anonymous_3)
FNF:4
FNH:3
FNDA:3,(anonymous_0)
FNDA:3,(anonymous_1)
FNDA:1,(anonymous_2)
FNDA:0,(anonymous_3)
DA:5,2
DA:19,3
DA:20,3
DA:21,2
DA:25,2
DA:33,3
DA:54,1
DA:55,1
DA:56,0
LF:9
LH:8
BRF:0
BRH:0
end_of_record
TN:
SF:/Users/tule/workspace/lambchop/middlewares/index.js
FNF:0
FNH:0
DA:3,0
DA:4,0
DA:5,0
DA:6,0
LF:4
LH:0
BRF:0
BRH:0
end_of_record
TN:
SF:/Users/tule/workspace/lambchop/middlewares/default/caching.js
FN:8,(anonymous_0)
FN:8,(anonymous_1)
FN:37,(anonymous_2)
FN:37,(anonymous_3)
FNF:4
FNH:4
FNDA:2,(anonymous_0)
FNDA:2,(anonymous_1)
FNDA:2,(anonymous_2)
FNDA:2,(anonymous_3)
DA:8,2
DA:9,2
DA:10,2
DA:13,2
DA:14,1
DA:15,1
DA:16,1
DA:17,1
DA:18,1
DA:20,0
DA:23,1
DA:26,2
DA:27,2
DA:28,2
DA:37,2
DA:38,2
DA:39,2
DA:40,2
DA:41,1
DA:42,1
DA:43,1
DA:44,1
DA:46,0
LF:23
LH:21
BRDA:13,0,0,1
BRDA:13,0,1,1
BRDA:16,1,0,1
BRDA:16,1,1,0
BRDA:38,2,0,0
BRDA:40,3,0,1
BRDA:40,3,1,1
BRDA:43,4,0,1
BRDA:43,4,1,0
BRF:9
BRH:6
end_of_record
TN:
SF:/Users/tule/workspace/lambchop/middlewares/default/error-handler.js
FN:8,(anonymous_0)
FN:8,(anonymous_1)
FN:18,(anonymous_2)
FN:18,(anonymous_3)
FNF:4
FNH:4
FNDA:1,(anonymous_0)
FNDA:1,(anonymous_1)
FNDA:1,(anonymous_2)
FNDA:1,(anonymous_3)
DA:8,1
DA:9,1
DA:10,1
DA:11,1
DA:18,1
DA:19,1
DA:20,1
DA:21,1
DA:22,1
DA:25,1
DA:27,1
LF:11
LH:11
BRDA:20,0,0,1
BRDA:20,0,1,0
BRDA:22,1,0,1
BRDA:22,1,1,1
BRF:4
BRH:3
end_of_record
TN:
SF:/Users/tule/workspace/lambchop/middlewares/default/header-preprocessor.js
FN:9,(anonymous_0)
FN:9,(anonymous_1)
FNF:2
FNH:2
FNDA:1,(anonymous_0)
FNDA:1,(anonymous_1)
DA:9,1
DA:10,1
DA:11,1
DA:12,1
DA:13,1
DA:14,1
DA:15,1
LF:7
LH:7
BRDA:12,0,0,1
BRDA:12,0,1,0
BRF:2
BRH:1
end_of_record
TN:
SF:/Users/tule/workspace/lambchop/middlewares/default/retrieve-data.js
FN:7,(anonymous_0)
FN:7,(anonymous_1)
FNF:2
FNH:2
FNDA:1,(anonymous_0)
FNDA:1,(anonymous_1)
DA:7,1
DA:8,1
DA:9,1
DA:10,1
LF:4
LH:4
BRF:0
BRH:0
end_of_record
TN:
SF:/Users/tule/workspace/lambchop/src/lambchop.js
FN:19,renderHtmlError
FN:19,(anonymous_12)
FN:27,(anonymous_13)
FN:27,(anonymous_14)
FN:28,(anonymous_15)
FN:28,(anonymous_16)
FN:29,(anonymous_17)
FN:48,renderPage
FN:48,(anonymous_19)
FN:67,Lambchop
FN:112,(anonymous_32)
FN:112,prefixKeyFunction
FN:118,(anonymous_34)
FN:118,initHTMLCache
FN:134,(anonymous_40)
FN:140,(anonymous_43)
FN:150,(anonymous_46)
FN:154,(anonymous_47)
FN:154,(anonymous_48)
FNF:19
FNH:0
FNDA:0,renderHtmlError
FNDA:0,(anonymous_12)
FNDA:0,(anonymous_13)
FNDA:0,(anonymous_14)
FNDA:0,(anonymous_15)
FNDA:0,(anonymous_16)
FNDA:0,(anonymous_17)
FNDA:0,renderPage
FNDA:0,(anonymous_19)
FNDA:0,Lambchop
FNDA:0,(anonymous_32)
FNDA:0,prefixKeyFunction
FNDA:0,(anonymous_34)
FNDA:0,initHTMLCache
FNDA:0,(anonymous_40)
FNDA:0,(anonymous_43)
FNDA:0,(anonymous_46)
FNDA:0,(anonymous_47)
FNDA:0,(anonymous_48)
DA:1,0
DA:2,0
DA:3,0
DA:4,0
DA:5,0
DA:8,0
DA:19,0
DA:20,0
DA:21,0
DA:22,0
DA:23,0
DA:26,0
DA:27,0
DA:28,0
DA:29,0
DA:31,0
DA:34,0
DA:35,0
DA:37,0
DA:38,0
DA:48,0
DA:49,0
DA:50,0
DA:51,0
DA:52,0
DA:67,0
DA:68,0
DA:69,0
DA:76,0
DA:77,0
DA:79,0
DA:80,0
DA:81,0
DA:82,0
DA:83,0
DA:84,0
DA:88,0
DA:92,0
DA:93,0
DA:94,0
DA:99,0
DA:100,0
DA:104,0
DA:105,0
DA:108,0
DA:109,0
DA:110,0
DA:111,0
DA:112,0
DA:113,0
DA:114,0
DA:116,0
DA:118,0
DA:119,0
DA:121,0
DA:128,0
DA:132,0
DA:133,0
DA:136,0
DA:139,0
DA:140,0
DA:141,0
DA:142,0
DA:147,0
DA:148,0
DA:149,0
DA:150,0
DA:151,0
DA:153,0
DA:154,0
DA:156,0
DA:158,0
LF:72
LH:0
BRDA:21,0,0,0
BRDA:21,0,1,0
BRDA:23,1,0,0
BRDA:23,1,1,0
BRDA:93,2,0,0
BRDA:93,2,1,0
BRDA:100,3,0,0
BRDA:100,3,1,0
BRDA:110,4,0,0
BRDA:110,4,1,0
BRDA:113,5,0,0
BRDA:113,5,1,0
BRDA:118,6,0,0
BRDA:118,6,1,0
BRDA:134,7,0,0
BRDA:134,7,1,0
BRDA:141,8,0,0
BRDA:141,8,1,0
BRDA:141,9,0,0
BRDA:141,9,1,0
BRF:20
BRH:0
end_of_record
TN:
SF:/Users/tule/workspace/lambchop/src/helpers/getCacheClient.js
FN:10,(anonymous_0)
FNF:1
FNH:1
FNDA:2,(anonymous_0)
DA:10,1
DA:11,2
DA:12,2
LF:3
LH:3
BRF:0
BRH:0
end_of_record
TN:
SF:/Users/tule/workspace/lambchop/src/helpers/getHtml.js
FN:14,getHtml
FNF:1
FNH:0
FNDA:0,getHtml
DA:1,0
DA:14,0
DA:16,0
DA:17,0
DA:18,0
DA:19,0
DA:25,0
DA:26,0
DA:33,0
DA:36,0
DA:37,0
DA:40,0
DA:44,0
DA:46,0
DA:49,0
DA:50,0
DA:69,0
DA:71,0
DA:74,0
LF:19
LH:0
BRDA:18,0,0,0
BRDA:18,0,1,0
BRDA:21,1,0,0
BRDA:21,1,1,0
BRDA:30,2,0,0
BRDA:30,2,1,0
BRDA:31,3,0,0
BRDA:31,3,1,0
BRDA:32,4,0,0
BRDA:32,4,1,0
BRDA:32,5,0,0
BRDA:32,5,1,0
BRDA:36,6,0,0
BRDA:36,6,1,0
BRDA:43,7,0,0
BRDA:43,7,1,0
BRDA:49,8,0,0
BRDA:49,8,1,0
BRDA:56,9,0,0
BRDA:56,9,1,0
BRDA:57,10,0,0
BRDA:57,10,1,0
BRDA:58,11,0,0
BRDA:58,11,1,0
BRDA:59,12,0,0
BRDA:59,12,1,0
BRDA:64,13,0,0
BRDA:64,13,1,0
BRF:28
BRH:0
end_of_record
TN:
SF:/Users/tule/workspace/lambchop/universal-rendering/reactHydrator.js
FN:22,(anonymous_0)
FN:26,(anonymous_1)
FN:29,(anonymous_2)
FN:42,(anonymous_3)
FNF:4
FNH:2
FNDA:1,(anonymous_0)
FNDA:0,(anonymous_1)
FNDA:1,(anonymous_2)
FNDA:0,(anonymous_3)
DA:22,1
DA:26,0
DA:27,1
DA:29,1
DA:30,1
DA:35,0
DA:42,1
DA:43,0
DA:44,0
DA:45,0
DA:49,1
DA:51,1
DA:54,0
LF:13
LH:7
BRDA:22,0,0,1
BRDA:24,1,0,1
BRDA:25,2,0,1
BRDA:26,3,0,1
BRDA:35,4,0,0
BRDA:35,4,1,0
BRDA:43,5,0,0
BRDA:43,5,1,0
BRDA:49,6,0,1
BRDA:49,6,1,0
BRF:10
BRH:5
end_of_record
TN:
SF:/Users/tule/workspace/lambchop/universal-rendering/reactServerSideRender.js
FN:11,(anonymous_0)
FNF:1
FNH:1
FNDA:3,(anonymous_0)
DA:11,1
DA:68,3
DA:69,3
DA:70,3
DA:71,3
DA:72,3
DA:76,3
LF:7
LH:7
BRF:0
BRH:0
end_of_record
TN:
SF:/Users/tule/workspace/lambchop/universal-rendering/analytics/ga.js
FN:8,(anonymous_0)
FNF:1
FNH:1
FNDA:6,(anonymous_0)
DA:8,6
LF:1
LH:1
BRDA:8,0,0,3
BRDA:8,0,1,3
BRDA:8,1,0,6
BRDA:8,1,1,3
BRDA:17,2,0,1
BRDA:17,2,1,2
BRF:6
BRH:6
end_of_record
TN:
SF:/Users/tule/workspace/lambchop/universal-rendering/analytics/gtm.js
FN:7,(anonymous_0)
FN:17,(anonymous_1)
FN:31,(anonymous_2)
FNF:3
FNH:3
FNDA:3,(anonymous_0)
FNDA:3,(anonymous_1)
FNDA:3,(anonymous_2)
DA:7,3
DA:17,3
DA:31,3
LF:3
LH:3
BRDA:7,0,0,3
BRDA:7,0,1,0
BRDA:17,1,0,1
BRDA:17,1,1,2
BRDA:31,2,0,0
BRDA:31,2,1,3
BRF:6
BRH:4
end_of_record
TN:
SF:/Users/tule/workspace/lambchop/universal-rendering/analytics/hotjar.js
FN:7,hotjarTrigger
FN:7,(anonymous_1)
FNF:2
FNH:0
FNDA:0,hotjarTrigger
FNDA:0,(anonymous_1)
DA:7,0
LF:1
LH:0
BRDA:7,0,0,0
BRDA:7,0,1,0
BRDA:7,1,0,0
BRDA:7,1,1,0
BRF:4
BRH:0
end_of_record
TN:
SF:/Users/tule/workspace/lambchop/universal-rendering/analytics/trackingPixel/generateTrackingPixelRequestUrl.js
FN:11,(anonymous_0)
FN:17,(anonymous_1)
FN:31,(anonymous_2)
FNF:3
FNH:0
FNDA:0,(anonymous_0)
FNDA:0,(anonymous_1)
FNDA:0,(anonymous_2)
DA:5,1
DA:6,1
DA:11,1
DA:12,0
DA:13,0
DA:14,0
DA:16,0
DA:17,0
DA:18,0
DA:21,0
DA:22,0
DA:24,0
DA:25,0
DA:29,0
DA:30,0
DA:31,0
DA:32,0
DA:35,0
LF:18
LH:3
BRDA:11,0,0,0
BRDA:16,1,0,0
BRDA:16,1,1,0
BRDA:21,2,0,0
BRDA:21,2,1,0
BRDA:24,3,0,0
BRDA:24,3,1,0
BRDA:29,4,0,0
BRDA:29,4,1,0
BRDA:30,5,0,0
BRDA:30,5,1,0
BRF:11
BRH:0
end_of_record
TN:
SF:/Users/tule/workspace/lambchop/universal-rendering/analytics/trackingPixel/getUrlParamsAsObject.js
FN:3,(anonymous_0)
FN:13,(anonymous_1)
FNF:2
FNH:0
FNDA:0,(anonymous_0)
FNDA:0,(anonymous_1)
DA:3,1
DA:4,0
DA:5,0
DA:6,0
DA:7,0
DA:10,0
DA:13,1
DA:14,0
DA:16,0
LF:9
LH:2
BRF:0
BRH:0
end_of_record
TN:
SF:/Users/tule/workspace/lambchop/universal-rendering/analytics/trackingPixel/index.js
FN:11,(anonymous_0)
FNF:1
FNH:0
FNDA:0,(anonymous_0)
DA:11,1
DA:13,0
DA:14,0
DA:16,0
LF:4
LH:1
BRF:0
BRH:0
end_of_record
TN:
SF:/Users/tule/workspace/lambchop/universal-rendering/analytics/trackingPixel/injectTrackingPixel.js
FN:1,(anonymous_0)
FNF:1
FNH:0
FNDA:0,(anonymous_0)
DA:1,1
DA:2,0
DA:3,0
DA:4,0
DA:5,0
DA:6,0
DA:7,0
DA:8,0
DA:9,0
LF:9
LH:1
BRF:0
BRH:0
end_of_record
TN:
SF:/Users/tule/workspace/lambchop/universal-rendering/analytics/trackingPixel/parseUtmParams.js
FN:1,(anonymous_0)
FN:3,(anonymous_1)
FN:13,(anonymous_2)
FNF:3
FNH:0
FNDA:0,(anonymous_0)
FNDA:0,(anonymous_1)
FNDA:0,(anonymous_2)
DA:1,1
DA:2,0
DA:3,0
DA:4,0
DA:5,0
DA:8,0
DA:13,1
DA:14,0
DA:15,0
DA:16,0
DA:17,0
DA:19,0
DA:20,0
DA:21,0
DA:22,0
DA:25,0
LF:16
LH:2
BRDA:4,0,0,0
BRDA:4,0,1,0
BRDA:16,1,0,0
BRDA:16,1,1,0
BRDA:17,2,0,0
BRDA:17,2,1,0
BRDA:19,3,0,0
BRDA:19,3,1,0
BRDA:21,4,0,0
BRDA:21,4,1,0
BRF:10
BRH:0
end_of_record
TN:
SF:/Users/tule/workspace/lambchop/universal-rendering/helpers/getAssetUrl.js
FN:13,(anonymous_0)
FNF:1
FNH:1
FNDA:3,(anonymous_0)
DA:13,1
DA:17,3
DA:18,3
DA:19,3
DA:20,3
LF:5
LH:5
BRF:0
BRH:0
end_of_record
TN:
SF:/Users/tule/workspace/lambchop/universal-rendering/helpers/getInitialState.js
FN:13,(anonymous_0)
FNF:1
FNH:1
FNDA:3,(anonymous_0)
DA:13,1
DA:18,3
DA:19,0
DA:22,3
LF:4
LH:3
BRDA:14,0,0,3
BRDA:18,1,0,0
BRDA:18,1,1,3
BRDA:18,2,0,3
BRDA:18,2,1,1
BRDA:22,3,0,2
BRDA:22,3,1,1
BRF:7
BRH:6
end_of_record
TN:
SF:/Users/tule/workspace/lambchop/universal-rendering/helpers/loadServerEnv.js
FN:8,(anonymous_0)
FNF:1
FNH:1
FNDA:3,(anonymous_0)
DA:8,3
LF:1
LH:1
BRDA:8,0,0,3
BRDA:8,0,1,0
BRF:2
BRH:1
end_of_record
TN:
SF:/Users/tule/workspace/lambchop/universal-rendering/helpers/pushHshId.js
FN:7,(anonymous_0)
FNF:1
FNH:1
FNDA:3,(anonymous_0)
DA:7,3
LF:1
LH:1
BRF:0
BRH:0
end_of_record
TN:
SF:/Users/tule/workspace/lambchop/universal-rendering/templates/body.js
FN:12,(anonymous_0)
FN:21,(anonymous_1)
FN:30,(anonymous_2)
FN:49,(anonymous_3)
FNF:4
FNH:4
FNDA:3,(anonymous_0)
FNDA:3,(anonymous_1)
FNDA:3,(anonymous_2)
FNDA:3,(anonymous_3)
DA:12,1
DA:14,3
DA:21,1
DA:23,3
DA:30,1
DA:32,3
DA:38,1
DA:49,3
LF:8
LH:8
BRDA:32,0,0,3
BRDA:32,0,1,0
BRF:2
BRH:1
end_of_record
TN:
SF:/Users/tule/workspace/lambchop/universal-rendering/templates/header.js
FN:17,(anonymous_0)
FN:19,(anonymous_1)
FN:26,(anonymous_2)
FN:37,(anonymous_3)
FN:57,(anonymous_4)
FN:70,(anonymous_5)
FN:91,(anonymous_6)
FNF:7
FNH:7
FNDA:3,(anonymous_0)
FNDA:6,(anonymous_1)
FNDA:3,(anonymous_2)
FNDA:3,(anonymous_3)
FNDA:3,(anonymous_4)
FNDA:3,(anonymous_5)
FNDA:3,(anonymous_6)
DA:17,1
DA:19,6
DA:26,1
DA:28,3
DA:37,1
DA:40,3
DA:41,3
DA:57,1
DA:59,3
DA:70,1
DA:72,3
DA:78,1
DA:91,1
DA:92,3
DA:93,3
DA:94,3
LF:16
LH:16
BRDA:38,0,0,2
BRDA:42,1,0,3
BRDA:42,1,1,0
BRDA:58,2,0,3
BRDA:60,3,0,3
BRDA:60,3,1,0
BRDA:61,4,0,3
BRDA:61,4,1,0
BRF:8
BRH:5
end_of_record
TN:
SF:/Users/tule/workspace/lambchop/universal-rendering/util/createSnippetFunctionAggregator.js
FN:10,(anonymous_0)
FN:10,(anonymous_1)
FN:11,(anonymous_2)
FNF:3
FNH:3
FNDA:3,(anonymous_0)
FNDA:7,(anonymous_1)
FNDA:26,(anonymous_2)
DA:10,7
DA:11,26
LF:2
LH:2
BRF:0
BRH:0
end_of_record
TN:
SF:/Users/tule/workspace/lambchop/universal-rendering/util/outputHtml.js
FN:6,(anonymous_0)
FNF:1
FNH:1
FNDA:32,(anonymous_0)
DA:6,32
LF:1
LH:1
BRDA:6,0,0,15
BRDA:6,0,1,17
BRF:2
BRH:2
end_of_record
